{"/home/runner/work/harvest3/harvest3/src/common/notifications.js": {"path":"/home/runner/work/harvest3/harvest3/src/common/notifications.js","statementMap":{"0":{"start":{"line":1,"column":14},"end":{"line":1,"column":30}},"1":{"start":{"line":2,"column":15},"end":{"line":2,"column":32}},"2":{"start":{"line":3,"column":0},"end":{"line":3,"column":16}},"3":{"start":{"line":5,"column":31},"end":{"line":5,"column":68}},"4":{"start":{"line":6,"column":31},"end":{"line":6,"column":68}},"5":{"start":{"line":7,"column":32},"end":{"line":7,"column":70}},"6":{"start":{"line":8,"column":29},"end":{"line":8,"column":64}},"7":{"start":{"line":9,"column":27},"end":{"line":9,"column":67}},"8":{"start":{"line":16,"column":2},"end":{"line":24,"column":3}},"9":{"start":{"line":17,"column":4},"end":{"line":21,"column":5}},"10":{"start":{"line":18,"column":6},"end":{"line":18,"column":69}},"11":{"start":{"line":20,"column":6},"end":{"line":20,"column":51}},"12":{"start":{"line":23,"column":4},"end":{"line":23,"column":51}},"13":{"start":{"line":33,"column":2},"end":{"line":36,"column":3}},"14":{"start":{"line":34,"column":4},"end":{"line":34,"column":51}},"15":{"start":{"line":35,"column":4},"end":{"line":35,"column":11}},"16":{"start":{"line":38,"column":16},"end":{"line":38,"column":17}},"17":{"start":{"line":39,"column":2},"end":{"line":77,"column":3}},"18":{"start":{"line":40,"column":4},"end":{"line":76,"column":5}},"19":{"start":{"line":41,"column":6},"end":{"line":41,"column":69}},"20":{"start":{"line":42,"column":6},"end":{"line":42,"column":13}},"21":{"start":{"line":45,"column":6},"end":{"line":75,"column":7}},"22":{"start":{"line":46,"column":8},"end":{"line":46,"column":18}},"23":{"start":{"line":47,"column":8},"end":{"line":50,"column":9}},"24":{"start":{"line":48,"column":10},"end":{"line":48,"column":109}},"25":{"start":{"line":49,"column":10},"end":{"line":49,"column":16}},"26":{"start":{"line":54,"column":34},"end":{"line":54,"column":126}},"27":{"start":{"line":56,"column":25},"end":{"line":56,"column":82}},"28":{"start":{"line":58,"column":8},"end":{"line":58,"column":98}},"29":{"start":{"line":59,"column":8},"end":{"line":59,"column":68}},"30":{"start":{"line":59,"column":37},"end":{"line":59,"column":66}},"31":{"start":{"line":62,"column":8},"end":{"line":62,"column":70}},"32":{"start":{"line":63,"column":8},"end":{"line":73,"column":9}},"33":{"start":{"line":65,"column":10},"end":{"line":65,"column":67}},"34":{"start":{"line":66,"column":10},"end":{"line":66,"column":63}},"35":{"start":{"line":67,"column":15},"end":{"line":73,"column":9}},"36":{"start":{"line":69,"column":10},"end":{"line":69,"column":52}},"37":{"start":{"line":72,"column":10},"end":{"line":72,"column":49}},"38":{"start":{"line":74,"column":8},"end":{"line":74,"column":14}},"39":{"start":{"line":85,"column":2},"end":{"line":88,"column":3}},"40":{"start":{"line":86,"column":4},"end":{"line":86,"column":51}},"41":{"start":{"line":87,"column":4},"end":{"line":87,"column":11}},"42":{"start":{"line":90,"column":2},"end":{"line":90,"column":58}},"43":{"start":{"line":90,"column":31},"end":{"line":90,"column":56}},"44":{"start":{"line":92,"column":21},"end":{"line":92,"column":25}},"45":{"start":{"line":93,"column":17},"end":{"line":93,"column":19}},"46":{"start":{"line":94,"column":21},"end":{"line":94,"column":23}},"47":{"start":{"line":97,"column":16},"end":{"line":97,"column":35}},"48":{"start":{"line":99,"column":2},"end":{"line":123,"column":3}},"49":{"start":{"line":101,"column":4},"end":{"line":122,"column":5}},"50":{"start":{"line":102,"column":6},"end":{"line":102,"column":56}},"51":{"start":{"line":105,"column":6},"end":{"line":121,"column":7}},"52":{"start":{"line":107,"column":8},"end":{"line":109,"column":9}},"53":{"start":{"line":108,"column":10},"end":{"line":108,"column":36}},"54":{"start":{"line":111,"column":8},"end":{"line":113,"column":9}},"55":{"start":{"line":111,"column":21},"end":{"line":111,"column":22}},"56":{"start":{"line":112,"column":10},"end":{"line":112,"column":57}},"57":{"start":{"line":114,"column":8},"end":{"line":114,"column":26}},"58":{"start":{"line":117,"column":8},"end":{"line":119,"column":9}},"59":{"start":{"line":118,"column":10},"end":{"line":118,"column":36}},"60":{"start":{"line":120,"column":8},"end":{"line":120,"column":28}},"61":{"start":{"line":126,"column":2},"end":{"line":128,"column":3}},"62":{"start":{"line":127,"column":4},"end":{"line":127,"column":30}},"63":{"start":{"line":131,"column":2},"end":{"line":140,"column":3}},"64":{"start":{"line":132,"column":4},"end":{"line":139,"column":5}},"65":{"start":{"line":134,"column":6},"end":{"line":134,"column":61}},"66":{"start":{"line":134,"column":35},"end":{"line":134,"column":59}},"67":{"start":{"line":135,"column":6},"end":{"line":135,"column":62}},"68":{"start":{"line":137,"column":6},"end":{"line":137,"column":66}},"69":{"start":{"line":143,"column":0},"end":{"line":149,"column":2}}},"fnMap":{"0":{"name":"postErrorToDiscord","decl":{"start":{"line":15,"column":15},"end":{"line":15,"column":33}},"loc":{"start":{"line":15,"column":43},"end":{"line":25,"column":1}},"line":15},"1":{"name":"postOrderToDiscord","decl":{"start":{"line":32,"column":15},"end":{"line":32,"column":33}},"loc":{"start":{"line":32,"column":59},"end":{"line":78,"column":1}},"line":32},"2":{"name":"(anonymous_2)","decl":{"start":{"line":59,"column":26},"end":{"line":59,"column":27}},"loc":{"start":{"line":59,"column":37},"end":{"line":59,"column":66}},"line":59},"3":{"name":"postResultToDiscord","decl":{"start":{"line":84,"column":15},"end":{"line":84,"column":34}},"loc":{"start":{"line":84,"column":89},"end":{"line":141,"column":1}},"line":84},"4":{"name":"(anonymous_4)","decl":{"start":{"line":90,"column":20},"end":{"line":90,"column":21}},"loc":{"start":{"line":90,"column":31},"end":{"line":90,"column":56}},"line":90},"5":{"name":"(anonymous_5)","decl":{"start":{"line":134,"column":24},"end":{"line":134,"column":25}},"loc":{"start":{"line":134,"column":35},"end":{"line":134,"column":59}},"line":134}},"branchMap":{"0":{"loc":{"start":{"line":16,"column":2},"end":{"line":24,"column":3}},"type":"if","locations":[{"start":{"line":16,"column":2},"end":{"line":24,"column":3}},{"start":{"line":22,"column":9},"end":{"line":24,"column":3}}],"line":16},"1":{"loc":{"start":{"line":32,"column":43},"end":{"line":32,"column":57}},"type":"default-arg","locations":[{"start":{"line":32,"column":56},"end":{"line":32,"column":57}}],"line":32},"2":{"loc":{"start":{"line":33,"column":2},"end":{"line":36,"column":3}},"type":"if","locations":[{"start":{"line":33,"column":2},"end":{"line":36,"column":3}},{"start":{},"end":{}}],"line":33},"3":{"loc":{"start":{"line":45,"column":6},"end":{"line":75,"column":7}},"type":"if","locations":[{"start":{"line":45,"column":6},"end":{"line":75,"column":7}},{"start":{"line":60,"column":13},"end":{"line":75,"column":7}}],"line":45},"4":{"loc":{"start":{"line":45,"column":10},"end":{"line":45,"column":86}},"type":"binary-expr","locations":[{"start":{"line":45,"column":10},"end":{"line":45,"column":35}},{"start":{"line":45,"column":39},"end":{"line":45,"column":53}},{"start":{"line":45,"column":57},"end":{"line":45,"column":86}}],"line":45},"5":{"loc":{"start":{"line":47,"column":8},"end":{"line":50,"column":9}},"type":"if","locations":[{"start":{"line":47,"column":8},"end":{"line":50,"column":9}},{"start":{},"end":{}}],"line":47},"6":{"loc":{"start":{"line":54,"column":34},"end":{"line":54,"column":126}},"type":"binary-expr","locations":[{"start":{"line":54,"column":34},"end":{"line":54,"column":66}},{"start":{"line":54,"column":70},"end":{"line":54,"column":121}},{"start":{"line":54,"column":125},"end":{"line":54,"column":126}}],"line":54},"7":{"loc":{"start":{"line":62,"column":46},"end":{"line":62,"column":68}},"type":"binary-expr","locations":[{"start":{"line":62,"column":46},"end":{"line":62,"column":59}},{"start":{"line":62,"column":63},"end":{"line":62,"column":68}}],"line":62},"8":{"loc":{"start":{"line":63,"column":8},"end":{"line":73,"column":9}},"type":"if","locations":[{"start":{"line":63,"column":8},"end":{"line":73,"column":9}},{"start":{"line":67,"column":15},"end":{"line":73,"column":9}}],"line":63},"9":{"loc":{"start":{"line":67,"column":15},"end":{"line":73,"column":9}},"type":"if","locations":[{"start":{"line":67,"column":15},"end":{"line":73,"column":9}},{"start":{"line":70,"column":15},"end":{"line":73,"column":9}}],"line":67},"10":{"loc":{"start":{"line":84,"column":44},"end":{"line":84,"column":87}},"type":"default-arg","locations":[{"start":{"line":84,"column":64},"end":{"line":84,"column":87}}],"line":84},"11":{"loc":{"start":{"line":85,"column":2},"end":{"line":88,"column":3}},"type":"if","locations":[{"start":{"line":85,"column":2},"end":{"line":88,"column":3}},{"start":{},"end":{}}],"line":85},"12":{"loc":{"start":{"line":101,"column":4},"end":{"line":122,"column":5}},"type":"if","locations":[{"start":{"line":101,"column":4},"end":{"line":122,"column":5}},{"start":{"line":103,"column":11},"end":{"line":122,"column":5}}],"line":101},"13":{"loc":{"start":{"line":102,"column":23},"end":{"line":102,"column":47}},"type":"cond-expr","locations":[{"start":{"line":102,"column":38},"end":{"line":102,"column":42}},{"start":{"line":102,"column":45},"end":{"line":102,"column":47}}],"line":102},"14":{"loc":{"start":{"line":105,"column":6},"end":{"line":121,"column":7}},"type":"if","locations":[{"start":{"line":105,"column":6},"end":{"line":121,"column":7}},{"start":{"line":115,"column":13},"end":{"line":121,"column":7}}],"line":105},"15":{"loc":{"start":{"line":107,"column":8},"end":{"line":109,"column":9}},"type":"if","locations":[{"start":{"line":107,"column":8},"end":{"line":109,"column":9}},{"start":{},"end":{}}],"line":107},"16":{"loc":{"start":{"line":117,"column":8},"end":{"line":119,"column":9}},"type":"if","locations":[{"start":{"line":117,"column":8},"end":{"line":119,"column":9}},{"start":{},"end":{}}],"line":117},"17":{"loc":{"start":{"line":126,"column":2},"end":{"line":128,"column":3}},"type":"if","locations":[{"start":{"line":126,"column":2},"end":{"line":128,"column":3}},{"start":{},"end":{}}],"line":126}},"s":{"0":1,"1":1,"2":1,"3":1,"4":1,"5":1,"6":1,"7":1,"8":0,"9":0,"10":0,"11":0,"12":0,"13":0,"14":0,"15":0,"16":0,"17":0,"18":0,"19":0,"20":0,"21":0,"22":0,"23":0,"24":0,"25":0,"26":0,"27":0,"28":0,"29":0,"30":0,"31":0,"32":0,"33":0,"34":0,"35":0,"36":0,"37":0,"38":0,"39":0,"40":0,"41":0,"42":0,"43":0,"44":0,"45":0,"46":0,"47":0,"48":0,"49":0,"50":0,"51":0,"52":0,"53":0,"54":0,"55":0,"56":0,"57":0,"58":0,"59":0,"60":0,"61":0,"62":0,"63":0,"64":0,"65":0,"66":0,"67":0,"68":0,"69":1},"f":{"0":0,"1":0,"2":0,"3":0,"4":0,"5":0},"b":{"0":[0,0],"1":[0],"2":[0,0],"3":[0,0],"4":[0,0,0],"5":[0,0],"6":[0,0,0],"7":[0,0],"8":[0,0],"9":[0,0],"10":[0],"11":[0,0],"12":[0,0],"13":[0,0],"14":[0,0],"15":[0,0],"16":[0,0],"17":[0,0]},"_coverageSchema":"1a1c01bbd47fc00a2c39e90264f33305004495a9","hash":"c87a1b39df0c32cf50be41a11cc6414a7d60e717"}
,"/home/runner/work/harvest3/harvest3/src/common/utils.js": {"path":"/home/runner/work/harvest3/harvest3/src/common/utils.js","statementMap":{"0":{"start":{"line":1,"column":31},"end":{"line":1,"column":57}},"1":{"start":{"line":2,"column":16},"end":{"line":2,"column":33}},"2":{"start":{"line":11,"column":22},"end":{"line":11,"column":64}},"3":{"start":{"line":11,"column":51},"end":{"line":11,"column":60}},"4":{"start":{"line":12,"column":2},"end":{"line":12,"column":95}},"5":{"start":{"line":12,"column":46},"end":{"line":12,"column":76}},"6":{"start":{"line":22,"column":2},"end":{"line":60,"column":3}},"7":{"start":{"line":23,"column":18},"end":{"line":23,"column":52}},"8":{"start":{"line":24,"column":19},"end":{"line":24,"column":62}},"9":{"start":{"line":26,"column":20},"end":{"line":26,"column":21}},"10":{"start":{"line":27,"column":19},"end":{"line":27,"column":20}},"11":{"start":{"line":29,"column":4},"end":{"line":53,"column":5}},"12":{"start":{"line":33,"column":6},"end":{"line":44,"column":7}},"13":{"start":{"line":34,"column":8},"end":{"line":40,"column":9}},"14":{"start":{"line":35,"column":10},"end":{"line":35,"column":32}},"15":{"start":{"line":36,"column":10},"end":{"line":36,"column":32}},"16":{"start":{"line":38,"column":10},"end":{"line":38,"column":49}},"17":{"start":{"line":39,"column":10},"end":{"line":39,"column":19}},"18":{"start":{"line":42,"column":8},"end":{"line":42,"column":30}},"19":{"start":{"line":43,"column":8},"end":{"line":43,"column":17}},"20":{"start":{"line":46,"column":21},"end":{"line":46,"column":41}},"21":{"start":{"line":48,"column":6},"end":{"line":52,"column":7}},"22":{"start":{"line":49,"column":8},"end":{"line":49,"column":34}},"23":{"start":{"line":50,"column":13},"end":{"line":52,"column":7}},"24":{"start":{"line":51,"column":8},"end":{"line":51,"column":33}},"25":{"start":{"line":55,"column":4},"end":{"line":55,"column":32}},"26":{"start":{"line":57,"column":4},"end":{"line":57,"column":42}},"27":{"start":{"line":58,"column":4},"end":{"line":58,"column":56}},"28":{"start":{"line":59,"column":4},"end":{"line":59,"column":13}},"29":{"start":{"line":70,"column":16},"end":{"line":70,"column":35}},"30":{"start":{"line":71,"column":15},"end":{"line":71,"column":55}},"31":{"start":{"line":73,"column":2},"end":{"line":79,"column":3}},"32":{"start":{"line":74,"column":14},"end":{"line":74,"column":39}},"33":{"start":{"line":75,"column":14},"end":{"line":75,"column":44}},"34":{"start":{"line":76,"column":14},"end":{"line":76,"column":49}},"35":{"start":{"line":77,"column":14},"end":{"line":77,"column":53}},"36":{"start":{"line":78,"column":13},"end":{"line":78,"column":64}},"37":{"start":{"line":83,"column":14},"end":{"line":83,"column":71}},"38":{"start":{"line":83,"column":22},"end":{"line":83,"column":71}},"39":{"start":{"line":83,"column":47},"end":{"line":83,"column":70}},"40":{"start":{"line":85,"column":0},"end":{"line":90,"column":2}}},"fnMap":{"0":{"name":"weightedAverage","decl":{"start":{"line":10,"column":9},"end":{"line":10,"column":24}},"loc":{"start":{"line":10,"column":42},"end":{"line":13,"column":1}},"line":10},"1":{"name":"(anonymous_1)","decl":{"start":{"line":11,"column":37},"end":{"line":11,"column":38}},"loc":{"start":{"line":11,"column":51},"end":{"line":11,"column":60}},"line":11},"2":{"name":"(anonymous_2)","decl":{"start":{"line":12,"column":23},"end":{"line":12,"column":24}},"loc":{"start":{"line":12,"column":46},"end":{"line":12,"column":76}},"line":12},"3":{"name":"fetchTotal","decl":{"start":{"line":21,"column":15},"end":{"line":21,"column":25}},"loc":{"start":{"line":21,"column":44},"end":{"line":61,"column":1}},"line":21},"4":{"name":"timeframeToMs","decl":{"start":{"line":69,"column":9},"end":{"line":69,"column":22}},"loc":{"start":{"line":69,"column":34},"end":{"line":80,"column":1}},"line":69},"5":{"name":"(anonymous_5)","decl":{"start":{"line":83,"column":14},"end":{"line":83,"column":15}},"loc":{"start":{"line":83,"column":22},"end":{"line":83,"column":71}},"line":83},"6":{"name":"(anonymous_6)","decl":{"start":{"line":83,"column":34},"end":{"line":83,"column":35}},"loc":{"start":{"line":83,"column":47},"end":{"line":83,"column":70}},"line":83}},"branchMap":{"0":{"loc":{"start":{"line":33,"column":6},"end":{"line":44,"column":7}},"type":"if","locations":[{"start":{"line":33,"column":6},"end":{"line":44,"column":7}},{"start":{"line":41,"column":13},"end":{"line":44,"column":7}}],"line":33},"1":{"loc":{"start":{"line":34,"column":8},"end":{"line":40,"column":9}},"type":"if","locations":[{"start":{"line":34,"column":8},"end":{"line":40,"column":9}},{"start":{"line":37,"column":15},"end":{"line":40,"column":9}}],"line":34},"2":{"loc":{"start":{"line":48,"column":6},"end":{"line":52,"column":7}},"type":"if","locations":[{"start":{"line":48,"column":6},"end":{"line":52,"column":7}},{"start":{"line":50,"column":13},"end":{"line":52,"column":7}}],"line":48},"3":{"loc":{"start":{"line":50,"column":13},"end":{"line":52,"column":7}},"type":"if","locations":[{"start":{"line":50,"column":13},"end":{"line":52,"column":7}},{"start":{},"end":{}}],"line":50},"4":{"loc":{"start":{"line":73,"column":2},"end":{"line":79,"column":3}},"type":"switch","locations":[{"start":{"line":74,"column":4},"end":{"line":74,"column":39}},{"start":{"line":75,"column":4},"end":{"line":75,"column":44}},{"start":{"line":76,"column":4},"end":{"line":76,"column":49}},{"start":{"line":77,"column":4},"end":{"line":77,"column":53}},{"start":{"line":78,"column":4},"end":{"line":78,"column":64}}],"line":73}},"s":{"0":3,"1":3,"2":4,"3":8,"4":4,"5":8,"6":8,"7":8,"8":8,"9":6,"10":6,"11":6,"12":12,"13":8,"14":4,"15":4,"16":4,"17":4,"18":4,"19":4,"20":12,"21":12,"22":6,"23":6,"24":6,"25":6,"26":2,"27":2,"28":2,"29":20,"30":20,"31":20,"32":6,"33":4,"34":4,"35":4,"36":2,"37":3,"38":2,"39":2,"40":3},"f":{"0":4,"1":8,"2":8,"3":8,"4":20,"5":2,"6":2},"b":{"0":[8,4],"1":[4,4],"2":[6,6],"3":[6,0],"4":[6,4,4,4,2]},"_coverageSchema":"1a1c01bbd47fc00a2c39e90264f33305004495a9","hash":"025a3120f6b29e9dd772da178868a8d0328417c3"}
,"/home/runner/work/harvest3/harvest3/src/database/exchangeAPI.js": {"path":"/home/runner/work/harvest3/harvest3/src/database/exchangeAPI.js","statementMap":{"0":{"start":{"line":1,"column":14},"end":{"line":1,"column":30}},"1":{"start":{"line":4,"column":31},"end":{"line":4,"column":58}},"2":{"start":{"line":7,"column":33},"end":{"line":14,"column":1}},"3":{"start":{"line":22,"column":2},"end":{"line":22,"column":63}},"4":{"start":{"line":22,"column":32},"end":{"line":22,"column":61}},"5":{"start":{"line":27,"column":2},"end":{"line":61,"column":5}},"6":{"start":{"line":28,"column":16},"end":{"line":28,"column":85}},"7":{"start":{"line":30,"column":4},"end":{"line":60,"column":7}},"8":{"start":{"line":31,"column":17},"end":{"line":31,"column":19}},"9":{"start":{"line":33,"column":6},"end":{"line":35,"column":9}},"10":{"start":{"line":34,"column":8},"end":{"line":34,"column":22}},"11":{"start":{"line":37,"column":6},"end":{"line":57,"column":9}},"12":{"start":{"line":38,"column":8},"end":{"line":56,"column":9}},"13":{"start":{"line":39,"column":27},"end":{"line":39,"column":43}},"14":{"start":{"line":40,"column":10},"end":{"line":53,"column":11}},"15":{"start":{"line":42,"column":28},"end":{"line":49,"column":14}},"16":{"start":{"line":42,"column":77},"end":{"line":49,"column":13}},"17":{"start":{"line":50,"column":12},"end":{"line":50,"column":29}},"18":{"start":{"line":52,"column":12},"end":{"line":52,"column":74}},"19":{"start":{"line":55,"column":10},"end":{"line":55,"column":24}},"20":{"start":{"line":59,"column":6},"end":{"line":59,"column":20}},"21":{"start":{"line":72,"column":14},"end":{"line":72,"column":24}},"22":{"start":{"line":73,"column":20},"end":{"line":73,"column":48}},"23":{"start":{"line":76,"column":16},"end":{"line":76,"column":18}},"24":{"start":{"line":77,"column":2},"end":{"line":83,"column":3}},"25":{"start":{"line":78,"column":21},"end":{"line":78,"column":82}},"26":{"start":{"line":79,"column":4},"end":{"line":79,"column":28}},"27":{"start":{"line":81,"column":4},"end":{"line":81,"column":83}},"28":{"start":{"line":82,"column":4},"end":{"line":82,"column":14}},"29":{"start":{"line":85,"column":2},"end":{"line":116,"column":3}},"30":{"start":{"line":88,"column":15},"end":{"line":88,"column":36}},"31":{"start":{"line":89,"column":4},"end":{"line":112,"column":5}},"32":{"start":{"line":90,"column":6},"end":{"line":90,"column":13}},"33":{"start":{"line":91,"column":23},"end":{"line":91,"column":38}},"34":{"start":{"line":93,"column":6},"end":{"line":111,"column":7}},"35":{"start":{"line":94,"column":29},"end":{"line":94,"column":104}},"36":{"start":{"line":97,"column":8},"end":{"line":100,"column":9}},"37":{"start":{"line":98,"column":10},"end":{"line":98,"column":80}},"38":{"start":{"line":99,"column":10},"end":{"line":99,"column":16}},"39":{"start":{"line":103,"column":8},"end":{"line":103,"column":48}},"40":{"start":{"line":104,"column":8},"end":{"line":104,"column":97}},"41":{"start":{"line":107,"column":8},"end":{"line":107,"column":32}},"42":{"start":{"line":109,"column":8},"end":{"line":109,"column":84}},"43":{"start":{"line":110,"column":8},"end":{"line":110,"column":14}},"44":{"start":{"line":114,"column":4},"end":{"line":114,"column":68}},"45":{"start":{"line":115,"column":4},"end":{"line":115,"column":74}},"46":{"start":{"line":119,"column":2},"end":{"line":119,"column":31}},"47":{"start":{"line":134,"column":2},"end":{"line":199,"column":3}},"48":{"start":{"line":135,"column":16},"end":{"line":135,"column":26}},"49":{"start":{"line":137,"column":21},"end":{"line":137,"column":86}},"50":{"start":{"line":138,"column":17},"end":{"line":138,"column":38}},"51":{"start":{"line":139,"column":4},"end":{"line":139,"column":69}},"52":{"start":{"line":140,"column":4},"end":{"line":140,"column":53}},"53":{"start":{"line":143,"column":4},"end":{"line":146,"column":5}},"54":{"start":{"line":144,"column":6},"end":{"line":144,"column":51}},"55":{"start":{"line":145,"column":6},"end":{"line":145,"column":108}},"56":{"start":{"line":149,"column":4},"end":{"line":149,"column":36}},"57":{"start":{"line":150,"column":16},"end":{"line":150,"column":36}},"58":{"start":{"line":153,"column":20},"end":{"line":153,"column":96}},"59":{"start":{"line":154,"column":4},"end":{"line":154,"column":96}},"60":{"start":{"line":156,"column":16},"end":{"line":156,"column":74}},"61":{"start":{"line":157,"column":18},"end":{"line":157,"column":28}},"62":{"start":{"line":158,"column":25},"end":{"line":158,"column":47}},"63":{"start":{"line":160,"column":4},"end":{"line":191,"column":5}},"64":{"start":{"line":162,"column":6},"end":{"line":186,"column":7}},"65":{"start":{"line":164,"column":8},"end":{"line":164,"column":53}},"66":{"start":{"line":165,"column":8},"end":{"line":165,"column":37}},"67":{"start":{"line":168,"column":25},"end":{"line":168,"column":92}},"68":{"start":{"line":171,"column":8},"end":{"line":174,"column":9}},"69":{"start":{"line":172,"column":10},"end":{"line":172,"column":84}},"70":{"start":{"line":173,"column":10},"end":{"line":173,"column":16}},"71":{"start":{"line":176,"column":8},"end":{"line":176,"column":132}},"72":{"start":{"line":179,"column":8},"end":{"line":179,"column":43}},"73":{"start":{"line":182,"column":8},"end":{"line":182,"column":48}},"74":{"start":{"line":185,"column":8},"end":{"line":185,"column":32}},"75":{"start":{"line":188,"column":6},"end":{"line":188,"column":92}},"76":{"start":{"line":189,"column":6},"end":{"line":189,"column":98}},"77":{"start":{"line":190,"column":6},"end":{"line":190,"column":30}},"78":{"start":{"line":194,"column":4},"end":{"line":194,"column":33}},"79":{"start":{"line":197,"column":4},"end":{"line":197,"column":90}},"80":{"start":{"line":198,"column":4},"end":{"line":198,"column":14}},"81":{"start":{"line":212,"column":2},"end":{"line":222,"column":3}},"82":{"start":{"line":214,"column":17},"end":{"line":214,"column":55}},"83":{"start":{"line":215,"column":23},"end":{"line":215,"column":58}},"84":{"start":{"line":217,"column":4},"end":{"line":217,"column":74}},"85":{"start":{"line":221,"column":4},"end":{"line":221,"column":86}},"86":{"start":{"line":225,"column":0},"end":{"line":227,"column":2}}},"fnMap":{"0":{"name":"waitForAPILimit","decl":{"start":{"line":21,"column":15},"end":{"line":21,"column":30}},"loc":{"start":{"line":21,"column":47},"end":{"line":23,"column":1}},"line":21},"1":{"name":"(anonymous_1)","decl":{"start":{"line":22,"column":21},"end":{"line":22,"column":22}},"loc":{"start":{"line":22,"column":32},"end":{"line":22,"column":61}},"line":22},"2":{"name":"fetchBitbankOHLCV","decl":{"start":{"line":26,"column":15},"end":{"line":26,"column":32}},"loc":{"start":{"line":26,"column":64},"end":{"line":62,"column":1}},"line":26},"3":{"name":"(anonymous_3)","decl":{"start":{"line":27,"column":21},"end":{"line":27,"column":22}},"loc":{"start":{"line":27,"column":42},"end":{"line":61,"column":3}},"line":27},"4":{"name":"(anonymous_4)","decl":{"start":{"line":30,"column":19},"end":{"line":30,"column":20}},"loc":{"start":{"line":30,"column":28},"end":{"line":58,"column":5}},"line":30},"5":{"name":"(anonymous_5)","decl":{"start":{"line":33,"column":21},"end":{"line":33,"column":22}},"loc":{"start":{"line":33,"column":32},"end":{"line":35,"column":7}},"line":33},"6":{"name":"(anonymous_6)","decl":{"start":{"line":37,"column":20},"end":{"line":37,"column":21}},"loc":{"start":{"line":37,"column":26},"end":{"line":57,"column":7}},"line":37},"7":{"name":"(anonymous_7)","decl":{"start":{"line":42,"column":67},"end":{"line":42,"column":68}},"loc":{"start":{"line":42,"column":77},"end":{"line":49,"column":13}},"line":42},"8":{"name":"(anonymous_8)","decl":{"start":{"line":58,"column":19},"end":{"line":58,"column":20}},"loc":{"start":{"line":58,"column":30},"end":{"line":60,"column":5}},"line":58},"9":{"name":"fetchBitbankHistoricalOHLCVData","decl":{"start":{"line":71,"column":15},"end":{"line":71,"column":46}},"loc":{"start":{"line":71,"column":72},"end":{"line":120,"column":1}},"line":71},"10":{"name":"fetchStandardHistoricalOHLCVData","decl":{"start":{"line":130,"column":15},"end":{"line":130,"column":47}},"loc":{"start":{"line":130,"column":84},"end":{"line":200,"column":1}},"line":130},"11":{"name":"fetchOHLCVDataAPI","decl":{"start":{"line":210,"column":15},"end":{"line":210,"column":32}},"loc":{"start":{"line":210,"column":83},"end":{"line":223,"column":1}},"line":210}},"branchMap":{"0":{"loc":{"start":{"line":21,"column":31},"end":{"line":21,"column":45}},"type":"default-arg","locations":[{"start":{"line":21,"column":42},"end":{"line":21,"column":45}}],"line":21},"1":{"loc":{"start":{"line":40,"column":10},"end":{"line":53,"column":11}},"type":"if","locations":[{"start":{"line":40,"column":10},"end":{"line":53,"column":11}},{"start":{"line":51,"column":17},"end":{"line":53,"column":11}}],"line":40},"2":{"loc":{"start":{"line":89,"column":11},"end":{"line":89,"column":48}},"type":"binary-expr","locations":[{"start":{"line":89,"column":11},"end":{"line":89,"column":33}},{"start":{"line":89,"column":37},"end":{"line":89,"column":48}}],"line":89},"3":{"loc":{"start":{"line":97,"column":8},"end":{"line":100,"column":9}},"type":"if","locations":[{"start":{"line":97,"column":8},"end":{"line":100,"column":9}},{"start":{},"end":{}}],"line":97},"4":{"loc":{"start":{"line":143,"column":4},"end":{"line":146,"column":5}},"type":"if","locations":[{"start":{"line":143,"column":4},"end":{"line":146,"column":5}},{"start":{},"end":{}}],"line":143},"5":{"loc":{"start":{"line":171,"column":8},"end":{"line":174,"column":9}},"type":"if","locations":[{"start":{"line":171,"column":8},"end":{"line":174,"column":9}},{"start":{},"end":{}}],"line":171},"6":{"loc":{"start":{"line":210,"column":51},"end":{"line":210,"column":68}},"type":"default-arg","locations":[{"start":{"line":210,"column":63},"end":{"line":210,"column":68}}],"line":210},"7":{"loc":{"start":{"line":210,"column":70},"end":{"line":210,"column":81}},"type":"default-arg","locations":[{"start":{"line":210,"column":78},"end":{"line":210,"column":81}}],"line":210},"8":{"loc":{"start":{"line":212,"column":2},"end":{"line":222,"column":3}},"type":"if","locations":[{"start":{"line":212,"column":2},"end":{"line":222,"column":3}},{"start":{"line":220,"column":7},"end":{"line":222,"column":3}}],"line":212},"9":{"loc":{"start":{"line":212,"column":6},"end":{"line":212,"column":70}},"type":"binary-expr","locations":[{"start":{"line":212,"column":6},"end":{"line":212,"column":31}},{"start":{"line":212,"column":35},"end":{"line":212,"column":70}}],"line":212}},"s":{"0":1,"1":1,"2":1,"3":0,"4":0,"5":0,"6":0,"7":0,"8":0,"9":0,"10":0,"11":0,"12":0,"13":0,"14":0,"15":0,"16":0,"17":0,"18":0,"19":0,"20":0,"21":0,"22":0,"23":0,"24":0,"25":0,"26":0,"27":0,"28":0,"29":0,"30":0,"31":0,"32":0,"33":0,"34":0,"35":0,"36":0,"37":0,"38":0,"39":0,"40":0,"41":0,"42":0,"43":0,"44":0,"45":0,"46":0,"47":0,"48":0,"49":0,"50":0,"51":0,"52":0,"53":0,"54":0,"55":0,"56":0,"57":0,"58":0,"59":0,"60":0,"61":0,"62":0,"63":0,"64":0,"65":0,"66":0,"67":0,"68":0,"69":0,"70":0,"71":0,"72":0,"73":0,"74":0,"75":0,"76":0,"77":0,"78":0,"79":0,"80":0,"81":0,"82":0,"83":0,"84":0,"85":0,"86":1},"f":{"0":0,"1":0,"2":0,"3":0,"4":0,"5":0,"6":0,"7":0,"8":0,"9":0,"10":0,"11":0},"b":{"0":[0],"1":[0,0],"2":[0,0],"3":[0,0],"4":[0,0],"5":[0,0],"6":[0],"7":[0],"8":[0,0],"9":[0,0]},"_coverageSchema":"1a1c01bbd47fc00a2c39e90264f33305004495a9","hash":"ae5af00c48514f5fa32ad38772d0cfa558fc8d52"}
,"/home/runner/work/harvest3/harvest3/src/database/manager.js": {"path":"/home/runner/work/harvest3/harvest3/src/database/manager.js","statementMap":{"0":{"start":{"line":15,"column":4},"end":{"line":15,"column":30}},"1":{"start":{"line":36,"column":4},"end":{"line":36,"column":30}},"2":{"start":{"line":38,"column":30},"end":{"line":38,"column":54}},"3":{"start":{"line":40,"column":33},"end":{"line":40,"column":59}},"4":{"start":{"line":47,"column":2},"end":{"line":47,"column":21}},"5":{"start":{"line":48,"column":2},"end":{"line":48,"column":20}},"6":{"start":{"line":62,"column":2},"end":{"line":75,"column":3}},"7":{"start":{"line":63,"column":19},"end":{"line":63,"column":88}},"8":{"start":{"line":64,"column":4},"end":{"line":67,"column":5}},"9":{"start":{"line":65,"column":6},"end":{"line":65,"column":63}},"10":{"start":{"line":66,"column":6},"end":{"line":66,"column":16}},"11":{"start":{"line":69,"column":4},"end":{"line":69,"column":84}},"12":{"start":{"line":70,"column":4},"end":{"line":70,"column":98}},"13":{"start":{"line":71,"column":4},"end":{"line":71,"column":18}},"14":{"start":{"line":73,"column":4},"end":{"line":73,"column":75}},"15":{"start":{"line":74,"column":4},"end":{"line":74,"column":16}},"16":{"start":{"line":90,"column":2},"end":{"line":116,"column":3}},"17":{"start":{"line":93,"column":22},"end":{"line":93,"column":113}},"18":{"start":{"line":94,"column":4},"end":{"line":97,"column":5}},"19":{"start":{"line":95,"column":6},"end":{"line":95,"column":69}},"20":{"start":{"line":96,"column":6},"end":{"line":96,"column":16}},"21":{"start":{"line":99,"column":4},"end":{"line":99,"column":24}},"22":{"start":{"line":103,"column":4},"end":{"line":112,"column":7}},"23":{"start":{"line":104,"column":6},"end":{"line":111,"column":8}},"24":{"start":{"line":114,"column":4},"end":{"line":114,"column":76}},"25":{"start":{"line":115,"column":4},"end":{"line":115,"column":16}},"26":{"start":{"line":120,"column":2},"end":{"line":206,"column":3}},"27":{"start":{"line":122,"column":4},"end":{"line":126,"column":5}},"28":{"start":{"line":123,"column":24},"end":{"line":123,"column":50}},"29":{"start":{"line":125,"column":6},"end":{"line":125,"column":92}},"30":{"start":{"line":132,"column":22},"end":{"line":132,"column":32}},"31":{"start":{"line":133,"column":32},"end":{"line":133,"column":92}},"32":{"start":{"line":134,"column":24},"end":{"line":134,"column":48}},"33":{"start":{"line":136,"column":4},"end":{"line":202,"column":5}},"34":{"start":{"line":141,"column":21},"end":{"line":147,"column":10}},"35":{"start":{"line":142,"column":8},"end":{"line":144,"column":9}},"36":{"start":{"line":143,"column":10},"end":{"line":143,"column":23}},"37":{"start":{"line":145,"column":8},"end":{"line":145,"column":19}},"38":{"start":{"line":149,"column":21},"end":{"line":149,"column":81}},"39":{"start":{"line":150,"column":6},"end":{"line":153,"column":7}},"40":{"start":{"line":151,"column":8},"end":{"line":151,"column":65}},"41":{"start":{"line":152,"column":8},"end":{"line":152,"column":18}},"42":{"start":{"line":157,"column":24},"end":{"line":157,"column":89}},"43":{"start":{"line":160,"column":6},"end":{"line":185,"column":7}},"44":{"start":{"line":161,"column":8},"end":{"line":167,"column":9}},"45":{"start":{"line":164,"column":15},"end":{"line":167,"column":9}},"46":{"start":{"line":166,"column":10},"end":{"line":166,"column":19}},"47":{"start":{"line":168,"column":8},"end":{"line":184,"column":9}},"48":{"start":{"line":169,"column":63},"end":{"line":169,"column":68}},"49":{"start":{"line":170,"column":28},"end":{"line":180,"column":11}},"50":{"start":{"line":181,"column":10},"end":{"line":181,"column":37}},"51":{"start":{"line":183,"column":10},"end":{"line":183,"column":80}},"52":{"start":{"line":186,"column":6},"end":{"line":190,"column":7}},"53":{"start":{"line":189,"column":8},"end":{"line":189,"column":71}},"54":{"start":{"line":191,"column":6},"end":{"line":191,"column":20}},"55":{"start":{"line":194,"column":24},"end":{"line":194,"column":75}},"56":{"start":{"line":197,"column":6},"end":{"line":201,"column":7}},"57":{"start":{"line":198,"column":8},"end":{"line":198,"column":39}},"58":{"start":{"line":200,"column":8},"end":{"line":200,"column":25}},"59":{"start":{"line":204,"column":4},"end":{"line":204,"column":65}},"60":{"start":{"line":205,"column":4},"end":{"line":205,"column":16}},"61":{"start":{"line":210,"column":2},"end":{"line":210,"column":90}},"62":{"start":{"line":214,"column":2},"end":{"line":214,"column":74}},"63":{"start":{"line":218,"column":2},"end":{"line":218,"column":85}},"64":{"start":{"line":223,"column":21},"end":{"line":223,"column":59}},"65":{"start":{"line":226,"column":26},"end":{"line":232,"column":3}},"66":{"start":{"line":228,"column":27},"end":{"line":228,"column":71}},"67":{"start":{"line":230,"column":6},"end":{"line":230,"column":87}},"68":{"start":{"line":233,"column":22},"end":{"line":233,"column":78}},"69":{"start":{"line":233,"column":62},"end":{"line":233,"column":74}},"70":{"start":{"line":235,"column":2},"end":{"line":235,"column":21}},"71":{"start":{"line":240,"column":2},"end":{"line":248,"column":3}},"72":{"start":{"line":241,"column":4},"end":{"line":243,"column":5}},"73":{"start":{"line":242,"column":6},"end":{"line":242,"column":15}},"74":{"start":{"line":244,"column":4},"end":{"line":247,"column":5}},"75":{"start":{"line":246,"column":6},"end":{"line":246,"column":90}},"76":{"start":{"line":252,"column":2},"end":{"line":252,"column":45}},"77":{"start":{"line":254,"column":18},"end":{"line":258,"column":4}},"78":{"start":{"line":261,"column":2},"end":{"line":261,"column":68}},"79":{"start":{"line":266,"column":2},"end":{"line":266,"column":45}},"80":{"start":{"line":268,"column":18},"end":{"line":272,"column":4}},"81":{"start":{"line":274,"column":2},"end":{"line":274,"column":68}},"82":{"start":{"line":278,"column":16},"end":{"line":278,"column":48}},"83":{"start":{"line":280,"column":2},"end":{"line":280,"column":64}},"84":{"start":{"line":291,"column":2},"end":{"line":355,"column":3}},"85":{"start":{"line":293,"column":22},"end":{"line":293,"column":73}},"86":{"start":{"line":294,"column":16},"end":{"line":294,"column":26}},"87":{"start":{"line":297,"column":26},"end":{"line":297,"column":75}},"88":{"start":{"line":300,"column":4},"end":{"line":303,"column":5}},"89":{"start":{"line":301,"column":6},"end":{"line":301,"column":92}},"90":{"start":{"line":302,"column":6},"end":{"line":302,"column":15}},"91":{"start":{"line":307,"column":19},"end":{"line":307,"column":70}},"92":{"start":{"line":310,"column":25},"end":{"line":310,"column":26}},"93":{"start":{"line":311,"column":22},"end":{"line":311,"column":31}},"94":{"start":{"line":313,"column":4},"end":{"line":346,"column":5}},"95":{"start":{"line":315,"column":6},"end":{"line":317,"column":7}},"96":{"start":{"line":316,"column":8},"end":{"line":316,"column":70}},"97":{"start":{"line":320,"column":21},"end":{"line":333,"column":7}},"98":{"start":{"line":335,"column":6},"end":{"line":343,"column":7}},"99":{"start":{"line":336,"column":8},"end":{"line":336,"column":38}},"100":{"start":{"line":337,"column":8},"end":{"line":337,"column":46}},"101":{"start":{"line":338,"column":8},"end":{"line":338,"column":41}},"102":{"start":{"line":339,"column":8},"end":{"line":339,"column":51}},"103":{"start":{"line":340,"column":8},"end":{"line":340,"column":68}},"104":{"start":{"line":342,"column":8},"end":{"line":342,"column":71}},"105":{"start":{"line":345,"column":6},"end":{"line":345,"column":23}},"106":{"start":{"line":348,"column":4},"end":{"line":350,"column":5}},"107":{"start":{"line":349,"column":6},"end":{"line":349,"column":91}},"108":{"start":{"line":351,"column":4},"end":{"line":351,"column":26}},"109":{"start":{"line":353,"column":4},"end":{"line":353,"column":67}},"110":{"start":{"line":354,"column":4},"end":{"line":354,"column":13}},"111":{"start":{"line":360,"column":2},"end":{"line":362,"column":3}},"112":{"start":{"line":361,"column":4},"end":{"line":361,"column":11}},"113":{"start":{"line":365,"column":20},"end":{"line":365,"column":30}},"114":{"start":{"line":367,"column":16},"end":{"line":377,"column":3}},"115":{"start":{"line":379,"column":2},"end":{"line":379,"column":38}},"116":{"start":{"line":384,"column":4},"end":{"line":392,"column":5}},"117":{"start":{"line":385,"column":6},"end":{"line":387,"column":7}},"118":{"start":{"line":386,"column":8},"end":{"line":386,"column":45}},"119":{"start":{"line":388,"column":6},"end":{"line":390,"column":7}},"120":{"start":{"line":389,"column":8},"end":{"line":389,"column":46}},"121":{"start":{"line":391,"column":6},"end":{"line":391,"column":13}},"122":{"start":{"line":395,"column":4},"end":{"line":395,"column":11}},"123":{"start":{"line":398,"column":22},"end":{"line":398,"column":32}},"124":{"start":{"line":400,"column":19},"end":{"line":408,"column":5}},"125":{"start":{"line":413,"column":4},"end":{"line":413,"column":42}},"126":{"start":{"line":425,"column":2},"end":{"line":425,"column":75}},"127":{"start":{"line":437,"column":2},"end":{"line":437,"column":84}},"128":{"start":{"line":445,"column":2},"end":{"line":445,"column":47}},"129":{"start":{"line":451,"column":2},"end":{"line":460,"column":3}},"130":{"start":{"line":453,"column":4},"end":{"line":457,"column":5}},"131":{"start":{"line":454,"column":6},"end":{"line":454,"column":49}},"132":{"start":{"line":455,"column":11},"end":{"line":457,"column":5}},"133":{"start":{"line":456,"column":6},"end":{"line":456,"column":15}},"134":{"start":{"line":459,"column":4},"end":{"line":459,"column":13}},"135":{"start":{"line":463,"column":2},"end":{"line":501,"column":3}},"136":{"start":{"line":465,"column":24},"end":{"line":465,"column":84}},"137":{"start":{"line":468,"column":23},"end":{"line":468,"column":61}},"138":{"start":{"line":472,"column":29},"end":{"line":477,"column":5}},"139":{"start":{"line":474,"column":29},"end":{"line":474,"column":73}},"140":{"start":{"line":475,"column":8},"end":{"line":475,"column":90}},"141":{"start":{"line":478,"column":33},"end":{"line":478,"column":90}},"142":{"start":{"line":478,"column":74},"end":{"line":478,"column":86}},"143":{"start":{"line":486,"column":26},"end":{"line":486,"column":60}},"144":{"start":{"line":489,"column":4},"end":{"line":489,"column":49}},"145":{"start":{"line":489,"column":29},"end":{"line":489,"column":49}},"146":{"start":{"line":492,"column":4},"end":{"line":492,"column":64}},"147":{"start":{"line":494,"column":4},"end":{"line":494,"column":45}},"148":{"start":{"line":496,"column":25},"end":{"line":496,"column":106}},"149":{"start":{"line":497,"column":4},"end":{"line":497,"column":39}},"150":{"start":{"line":500,"column":4},"end":{"line":500,"column":13}},"151":{"start":{"line":515,"column":2},"end":{"line":599,"column":3}},"152":{"start":{"line":517,"column":4},"end":{"line":568,"column":5}},"153":{"start":{"line":519,"column":6},"end":{"line":523,"column":7}},"154":{"start":{"line":520,"column":8},"end":{"line":520,"column":52}},"155":{"start":{"line":521,"column":8},"end":{"line":521,"column":75}},"156":{"start":{"line":522,"column":8},"end":{"line":522,"column":71}},"157":{"start":{"line":526,"column":26},"end":{"line":526,"column":91}},"158":{"start":{"line":530,"column":19},"end":{"line":530,"column":33}},"159":{"start":{"line":531,"column":19},"end":{"line":531,"column":33}},"160":{"start":{"line":532,"column":18},"end":{"line":532,"column":32}},"161":{"start":{"line":533,"column":20},"end":{"line":533,"column":34}},"162":{"start":{"line":537,"column":19},"end":{"line":537,"column":35}},"163":{"start":{"line":538,"column":21},"end":{"line":538,"column":37}},"164":{"start":{"line":541,"column":17},"end":{"line":541,"column":30}},"165":{"start":{"line":542,"column":17},"end":{"line":542,"column":30}},"166":{"start":{"line":543,"column":16},"end":{"line":543,"column":77}},"167":{"start":{"line":546,"column":24},"end":{"line":546,"column":41}},"168":{"start":{"line":549,"column":6},"end":{"line":549,"column":63}},"169":{"start":{"line":551,"column":6},"end":{"line":551,"column":50}},"170":{"start":{"line":554,"column":6},"end":{"line":567,"column":8}},"171":{"start":{"line":571,"column":22},"end":{"line":571,"column":32}},"172":{"start":{"line":572,"column":24},"end":{"line":572,"column":65}},"173":{"start":{"line":576,"column":4},"end":{"line":594,"column":5}},"174":{"start":{"line":579,"column":21},"end":{"line":579,"column":55}},"175":{"start":{"line":580,"column":6},"end":{"line":583,"column":7}},"176":{"start":{"line":581,"column":8},"end":{"line":581,"column":53}},"177":{"start":{"line":582,"column":8},"end":{"line":582,"column":20}},"178":{"start":{"line":586,"column":6},"end":{"line":586,"column":59}},"179":{"start":{"line":588,"column":6},"end":{"line":588,"column":38}},"180":{"start":{"line":590,"column":6},"end":{"line":590,"column":20}},"181":{"start":{"line":593,"column":6},"end":{"line":593,"column":25}},"182":{"start":{"line":597,"column":4},"end":{"line":597,"column":65}},"183":{"start":{"line":598,"column":4},"end":{"line":598,"column":16}},"184":{"start":{"line":616,"column":2},"end":{"line":628,"column":3}},"185":{"start":{"line":618,"column":54},"end":{"line":618,"column":70}},"186":{"start":{"line":619,"column":22},"end":{"line":619,"column":30}},"187":{"start":{"line":621,"column":25},"end":{"line":621,"column":45}},"188":{"start":{"line":622,"column":19},"end":{"line":625,"column":5}},"189":{"start":{"line":627,"column":4},"end":{"line":627,"column":28}},"190":{"start":{"line":632,"column":2},"end":{"line":638,"column":3}},"191":{"start":{"line":633,"column":20},"end":{"line":633,"column":49}},"192":{"start":{"line":634,"column":4},"end":{"line":634,"column":19}},"193":{"start":{"line":636,"column":4},"end":{"line":636,"column":71}},"194":{"start":{"line":637,"column":4},"end":{"line":637,"column":16}},"195":{"start":{"line":651,"column":18},"end":{"line":651,"column":93}},"196":{"start":{"line":654,"column":2},"end":{"line":654,"column":38}},"197":{"start":{"line":655,"column":2},"end":{"line":655,"column":46}},"198":{"start":{"line":656,"column":2},"end":{"line":656,"column":42}},"199":{"start":{"line":657,"column":2},"end":{"line":657,"column":90}},"200":{"start":{"line":658,"column":2},"end":{"line":658,"column":38}},"201":{"start":{"line":659,"column":2},"end":{"line":659,"column":25}},"202":{"start":{"line":672,"column":18},"end":{"line":672,"column":94}},"203":{"start":{"line":675,"column":2},"end":{"line":675,"column":39}},"204":{"start":{"line":676,"column":2},"end":{"line":676,"column":46}},"205":{"start":{"line":677,"column":2},"end":{"line":677,"column":37}},"206":{"start":{"line":678,"column":2},"end":{"line":678,"column":92}},"207":{"start":{"line":679,"column":2},"end":{"line":679,"column":39}},"208":{"start":{"line":680,"column":2},"end":{"line":680,"column":25}},"209":{"start":{"line":684,"column":20},"end":{"line":684,"column":49}},"210":{"start":{"line":685,"column":37},"end":{"line":685,"column":39}},"211":{"start":{"line":687,"column":2},"end":{"line":709,"column":3}},"212":{"start":{"line":688,"column":20},"end":{"line":688,"column":48}},"213":{"start":{"line":689,"column":29},"end":{"line":689,"column":66}},"214":{"start":{"line":690,"column":4},"end":{"line":708,"column":5}},"215":{"start":{"line":691,"column":6},"end":{"line":695,"column":7}},"216":{"start":{"line":692,"column":8},"end":{"line":694,"column":9}},"217":{"start":{"line":693,"column":10},"end":{"line":693,"column":19}},"218":{"start":{"line":696,"column":21},"end":{"line":696,"column":72}},"219":{"start":{"line":697,"column":66},"end":{"line":697,"column":72}},"220":{"start":{"line":699,"column":6},"end":{"line":699,"column":92}},"221":{"start":{"line":700,"column":6},"end":{"line":704,"column":8}},"222":{"start":{"line":706,"column":6},"end":{"line":706,"column":77}},"223":{"start":{"line":707,"column":6},"end":{"line":707,"column":23}},"224":{"start":{"line":711,"column":2},"end":{"line":711,"column":36}},"225":{"start":{"line":716,"column":24},"end":{"line":716,"column":54}},"226":{"start":{"line":718,"column":2},"end":{"line":720,"column":3}},"227":{"start":{"line":719,"column":4},"end":{"line":719,"column":16}},"228":{"start":{"line":723,"column":19},"end":{"line":723,"column":80}},"229":{"start":{"line":725,"column":25},"end":{"line":741,"column":6}},"230":{"start":{"line":726,"column":4},"end":{"line":740,"column":5}},"231":{"start":{"line":728,"column":6},"end":{"line":728,"column":67}},"232":{"start":{"line":733,"column":27},"end":{"line":737,"column":7}},"233":{"start":{"line":735,"column":10},"end":{"line":735,"column":60}},"234":{"start":{"line":738,"column":6},"end":{"line":738,"column":77}},"235":{"start":{"line":739,"column":6},"end":{"line":739,"column":54}},"236":{"start":{"line":743,"column":2},"end":{"line":743,"column":24}},"237":{"start":{"line":753,"column":17},"end":{"line":753,"column":41}},"238":{"start":{"line":754,"column":2},"end":{"line":757,"column":3}},"239":{"start":{"line":755,"column":4},"end":{"line":755,"column":67}},"240":{"start":{"line":756,"column":4},"end":{"line":756,"column":16}},"241":{"start":{"line":759,"column":26},"end":{"line":759,"column":62}},"242":{"start":{"line":761,"column":23},"end":{"line":761,"column":76}},"243":{"start":{"line":763,"column":2},"end":{"line":787,"column":3}},"244":{"start":{"line":764,"column":4},"end":{"line":786,"column":5}},"245":{"start":{"line":765,"column":21},"end":{"line":765,"column":55}},"246":{"start":{"line":766,"column":24},"end":{"line":766,"column":35}},"247":{"start":{"line":768,"column":6},"end":{"line":778,"column":7}},"248":{"start":{"line":769,"column":30},"end":{"line":769,"column":79}},"249":{"start":{"line":770,"column":8},"end":{"line":770,"column":39}},"250":{"start":{"line":772,"column":29},"end":{"line":772,"column":82}},"251":{"start":{"line":773,"column":8},"end":{"line":773,"column":36}},"252":{"start":{"line":774,"column":8},"end":{"line":776,"column":9}},"253":{"start":{"line":775,"column":10},"end":{"line":775,"column":49}},"254":{"start":{"line":777,"column":8},"end":{"line":777,"column":20}},"255":{"start":{"line":780,"column":27},"end":{"line":780,"column":84}},"256":{"start":{"line":781,"column":6},"end":{"line":781,"column":41}},"257":{"start":{"line":782,"column":6},"end":{"line":784,"column":7}},"258":{"start":{"line":783,"column":8},"end":{"line":783,"column":47}},"259":{"start":{"line":785,"column":6},"end":{"line":785,"column":18}},"260":{"start":{"line":789,"column":2},"end":{"line":792,"column":3}},"261":{"start":{"line":790,"column":26},"end":{"line":790,"column":80}},"262":{"start":{"line":791,"column":4},"end":{"line":791,"column":35}},"263":{"start":{"line":794,"column":24},"end":{"line":794,"column":78}},"264":{"start":{"line":796,"column":2},"end":{"line":803,"column":3}},"265":{"start":{"line":797,"column":25},"end":{"line":797,"column":72}},"266":{"start":{"line":798,"column":4},"end":{"line":798,"column":32}},"267":{"start":{"line":799,"column":4},"end":{"line":801,"column":5}},"268":{"start":{"line":800,"column":6},"end":{"line":800,"column":45}},"269":{"start":{"line":802,"column":4},"end":{"line":802,"column":16}},"270":{"start":{"line":805,"column":2},"end":{"line":808,"column":3}},"271":{"start":{"line":806,"column":35},"end":{"line":806,"column":89}},"272":{"start":{"line":807,"column":4},"end":{"line":807,"column":45}},"273":{"start":{"line":810,"column":2},"end":{"line":813,"column":3}},"274":{"start":{"line":811,"column":27},"end":{"line":811,"column":82}},"275":{"start":{"line":812,"column":4},"end":{"line":812,"column":37}},"276":{"start":{"line":815,"column":2},"end":{"line":815,"column":61}},"277":{"start":{"line":819,"column":20},"end":{"line":819,"column":49}},"278":{"start":{"line":820,"column":28},"end":{"line":820,"column":30}},"279":{"start":{"line":822,"column":2},"end":{"line":834,"column":3}},"280":{"start":{"line":823,"column":29},"end":{"line":823,"column":64}},"281":{"start":{"line":824,"column":20},"end":{"line":824,"column":56}},"282":{"start":{"line":827,"column":20},"end":{"line":830,"column":5}},"283":{"start":{"line":828,"column":6},"end":{"line":829,"column":98}},"284":{"start":{"line":829,"column":64},"end":{"line":829,"column":97}},"285":{"start":{"line":832,"column":4},"end":{"line":832,"column":42}},"286":{"start":{"line":833,"column":4},"end":{"line":833,"column":60}},"287":{"start":{"line":836,"column":2},"end":{"line":836,"column":27}},"288":{"start":{"line":854,"column":2},"end":{"line":864,"column":3}},"289":{"start":{"line":856,"column":4},"end":{"line":863,"column":5}},"290":{"start":{"line":857,"column":6},"end":{"line":857,"column":31}},"291":{"start":{"line":858,"column":11},"end":{"line":863,"column":5}},"292":{"start":{"line":859,"column":6},"end":{"line":859,"column":74}},"293":{"start":{"line":862,"column":6},"end":{"line":862,"column":92}},"294":{"start":{"line":868,"column":31},"end":{"line":868,"column":91}},"295":{"start":{"line":871,"column":31},"end":{"line":871,"column":91}},"296":{"start":{"line":874,"column":28},"end":{"line":874,"column":92}},"297":{"start":{"line":877,"column":23},"end":{"line":877,"column":81}},"298":{"start":{"line":878,"column":35},"end":{"line":878,"column":77}},"299":{"start":{"line":881,"column":24},"end":{"line":881,"column":47}},"300":{"start":{"line":884,"column":23},"end":{"line":884,"column":71}},"301":{"start":{"line":887,"column":2},"end":{"line":892,"column":3}},"302":{"start":{"line":888,"column":4},"end":{"line":891,"column":6}},"303":{"start":{"line":895,"column":28},"end":{"line":895,"column":91}},"304":{"start":{"line":898,"column":31},"end":{"line":898,"column":66}},"305":{"start":{"line":900,"column":2},"end":{"line":900,"column":214}},"306":{"start":{"line":903,"column":23},"end":{"line":903,"column":71}},"307":{"start":{"line":905,"column":2},"end":{"line":910,"column":3}},"308":{"start":{"line":906,"column":4},"end":{"line":909,"column":6}},"309":{"start":{"line":912,"column":2},"end":{"line":912,"column":27}},"310":{"start":{"line":917,"column":21},"end":{"line":917,"column":59}},"311":{"start":{"line":920,"column":27},"end":{"line":926,"column":3}},"312":{"start":{"line":922,"column":27},"end":{"line":922,"column":71}},"313":{"start":{"line":924,"column":6},"end":{"line":924,"column":88}},"314":{"start":{"line":927,"column":22},"end":{"line":927,"column":79}},"315":{"start":{"line":927,"column":63},"end":{"line":927,"column":75}},"316":{"start":{"line":929,"column":2},"end":{"line":929,"column":21}},"317":{"start":{"line":941,"column":2},"end":{"line":952,"column":3}},"318":{"start":{"line":942,"column":16},"end":{"line":942,"column":70}},"319":{"start":{"line":943,"column":19},"end":{"line":943,"column":39}},"320":{"start":{"line":944,"column":4},"end":{"line":947,"column":5}},"321":{"start":{"line":945,"column":6},"end":{"line":945,"column":45}},"322":{"start":{"line":946,"column":6},"end":{"line":946,"column":18}},"323":{"start":{"line":948,"column":4},"end":{"line":948,"column":17}},"324":{"start":{"line":950,"column":4},"end":{"line":950,"column":62}},"325":{"start":{"line":951,"column":4},"end":{"line":951,"column":17}},"326":{"start":{"line":955,"column":0},"end":{"line":994,"column":2}}},"fnMap":{"0":{"name":"initializeDB","decl":{"start":{"line":45,"column":15},"end":{"line":45,"column":27}},"loc":{"start":{"line":45,"column":30},"end":{"line":49,"column":1}},"line":45},"1":{"name":"loadHistoricalOHLCVToBacktestRedis","decl":{"start":{"line":61,"column":15},"end":{"line":61,"column":49}},"loc":{"start":{"line":61,"column":92},"end":{"line":76,"column":1}},"line":61},"2":{"name":"fetchBacktestOHLCVData","decl":{"start":{"line":89,"column":15},"end":{"line":89,"column":37}},"loc":{"start":{"line":89,"column":93},"end":{"line":117,"column":1}},"line":89},"3":{"name":"(anonymous_3)","decl":{"start":{"line":103,"column":25},"end":{"line":103,"column":26}},"loc":{"start":{"line":103,"column":35},"end":{"line":112,"column":5}},"line":103},"4":{"name":"fetchOHLCVData","decl":{"start":{"line":119,"column":15},"end":{"line":119,"column":29}},"loc":{"start":{"line":119,"column":86},"end":{"line":207,"column":1}},"line":119},"5":{"name":"(anonymous_5)","decl":{"start":{"line":141,"column":22},"end":{"line":141,"column":23}},"loc":{"start":{"line":141,"column":28},"end":{"line":147,"column":7}},"line":141},"6":{"name":"getOHLCVByParams","decl":{"start":{"line":209,"column":15},"end":{"line":209,"column":31}},"loc":{"start":{"line":209,"column":79},"end":{"line":211,"column":1}},"line":209},"7":{"name":"getCurrentOrderPair","decl":{"start":{"line":213,"column":15},"end":{"line":213,"column":34}},"loc":{"start":{"line":213,"column":66},"end":{"line":215,"column":1}},"line":213},"8":{"name":"setCurrentOrderPair","decl":{"start":{"line":217,"column":15},"end":{"line":217,"column":34}},"loc":{"start":{"line":217,"column":77},"end":{"line":219,"column":1}},"line":217},"9":{"name":"getCurrentOrderPosition","decl":{"start":{"line":221,"column":15},"end":{"line":221,"column":38}},"loc":{"start":{"line":221,"column":70},"end":{"line":236,"column":1}},"line":221},"10":{"name":"(anonymous_10)","decl":{"start":{"line":227,"column":19},"end":{"line":227,"column":20}},"loc":{"start":{"line":227,"column":36},"end":{"line":231,"column":5}},"line":227},"11":{"name":"(anonymous_11)","decl":{"start":{"line":233,"column":45},"end":{"line":233,"column":46}},"loc":{"start":{"line":233,"column":62},"end":{"line":233,"column":74}},"line":233},"12":{"name":"getRealizedPnL","decl":{"start":{"line":238,"column":15},"end":{"line":238,"column":29}},"loc":{"start":{"line":238,"column":75},"end":{"line":262,"column":1}},"line":238},"13":{"name":"getTradeCurrentPosition","decl":{"start":{"line":264,"column":15},"end":{"line":264,"column":38}},"loc":{"start":{"line":264,"column":70},"end":{"line":275,"column":1}},"line":264},"14":{"name":"getOrderStrategyKeyByOrderId","decl":{"start":{"line":277,"column":15},"end":{"line":277,"column":43}},"loc":{"start":{"line":277,"column":53},"end":{"line":281,"column":1}},"line":277},"15":{"name":"updateFilledTrades","decl":{"start":{"line":289,"column":15},"end":{"line":289,"column":33}},"loc":{"start":{"line":289,"column":52},"end":{"line":356,"column":1}},"line":289},"16":{"name":"addOrder","decl":{"start":{"line":358,"column":15},"end":{"line":358,"column":23}},"loc":{"start":{"line":358,"column":110},"end":{"line":380,"column":1}},"line":358},"17":{"name":"addSignal","decl":{"start":{"line":382,"column":15},"end":{"line":382,"column":24}},"loc":{"start":{"line":382,"column":91},"end":{"line":414,"column":1}},"line":382},"18":{"name":"getStrategyParameters","decl":{"start":{"line":424,"column":15},"end":{"line":424,"column":36}},"loc":{"start":{"line":424,"column":70},"end":{"line":426,"column":1}},"line":424},"19":{"name":"saveStrategyParameters","decl":{"start":{"line":436,"column":15},"end":{"line":436,"column":37}},"loc":{"start":{"line":436,"column":79},"end":{"line":438,"column":1}},"line":436},"20":{"name":"getAllStrategyParameters","decl":{"start":{"line":444,"column":15},"end":{"line":444,"column":39}},"loc":{"start":{"line":444,"column":42},"end":{"line":446,"column":1}},"line":444},"21":{"name":"formattedAvailableAmount","decl":{"start":{"line":449,"column":15},"end":{"line":449,"column":39}},"loc":{"start":{"line":449,"column":102},"end":{"line":502,"column":1}},"line":449},"22":{"name":"(anonymous_22)","decl":{"start":{"line":473,"column":21},"end":{"line":473,"column":22}},"loc":{"start":{"line":473,"column":38},"end":{"line":476,"column":7}},"line":473},"23":{"name":"(anonymous_23)","decl":{"start":{"line":478,"column":57},"end":{"line":478,"column":58}},"loc":{"start":{"line":478,"column":74},"end":{"line":478,"column":86}},"line":478},"24":{"name":"fetchTicker","decl":{"start":{"line":514,"column":15},"end":{"line":514,"column":26}},"loc":{"start":{"line":514,"column":59},"end":{"line":600,"column":1}},"line":514},"25":{"name":"getAvailableFund","decl":{"start":{"line":614,"column":15},"end":{"line":614,"column":31}},"loc":{"start":{"line":614,"column":64},"end":{"line":639,"column":1}},"line":614},"26":{"name":"backtestCreateLimitBuyOrder","decl":{"start":{"line":649,"column":15},"end":{"line":649,"column":42}},"loc":{"start":{"line":649,"column":80},"end":{"line":660,"column":1}},"line":649},"27":{"name":"backtestCreateLimitSellOrder","decl":{"start":{"line":670,"column":15},"end":{"line":670,"column":43}},"loc":{"start":{"line":670,"column":81},"end":{"line":681,"column":1}},"line":670},"28":{"name":"getMarketParametersByExchangeSymbol","decl":{"start":{"line":683,"column":15},"end":{"line":683,"column":50}},"loc":{"start":{"line":683,"column":91},"end":{"line":712,"column":1}},"line":683},"29":{"name":"getStrategyConfig","decl":{"start":{"line":714,"column":15},"end":{"line":714,"column":32}},"loc":{"start":{"line":714,"column":72},"end":{"line":744,"column":1}},"line":714},"30":{"name":"(anonymous_30)","decl":{"start":{"line":725,"column":26},"end":{"line":725,"column":27}},"loc":{"start":{"line":725,"column":32},"end":{"line":741,"column":3}},"line":725},"31":{"name":"(anonymous_31)","decl":{"start":{"line":734,"column":45},"end":{"line":734,"column":46}},"loc":{"start":{"line":735,"column":10},"end":{"line":735,"column":60}},"line":735},"32":{"name":"getMarketParameters","decl":{"start":{"line":752,"column":15},"end":{"line":752,"column":34}},"loc":{"start":{"line":752,"column":53},"end":{"line":816,"column":1}},"line":752},"33":{"name":"getSymbolsByExchange","decl":{"start":{"line":818,"column":15},"end":{"line":818,"column":35}},"loc":{"start":{"line":818,"column":44},"end":{"line":837,"column":1}},"line":818},"34":{"name":"(anonymous_34)","decl":{"start":{"line":827,"column":48},"end":{"line":827,"column":49}},"loc":{"start":{"line":828,"column":6},"end":{"line":829,"column":98}},"line":828},"35":{"name":"(anonymous_35)","decl":{"start":{"line":829,"column":46},"end":{"line":829,"column":47}},"loc":{"start":{"line":829,"column":64},"end":{"line":829,"column":97}},"line":829},"36":{"name":"checkBuyOrderAllowance","decl":{"start":{"line":852,"column":15},"end":{"line":852,"column":37}},"loc":{"start":{"line":852,"column":173},"end":{"line":913,"column":1}},"line":852},"37":{"name":"getCurrentSellOrderPosition","decl":{"start":{"line":915,"column":15},"end":{"line":915,"column":42}},"loc":{"start":{"line":915,"column":74},"end":{"line":930,"column":1}},"line":915},"38":{"name":"(anonymous_38)","decl":{"start":{"line":921,"column":19},"end":{"line":921,"column":20}},"loc":{"start":{"line":921,"column":36},"end":{"line":925,"column":5}},"line":921},"39":{"name":"(anonymous_39)","decl":{"start":{"line":927,"column":46},"end":{"line":927,"column":47}},"loc":{"start":{"line":927,"column":63},"end":{"line":927,"column":75}},"line":927},"40":{"name":"deleteTradeSummary","decl":{"start":{"line":940,"column":15},"end":{"line":940,"column":33}},"loc":{"start":{"line":940,"column":67},"end":{"line":953,"column":1}},"line":940}},"branchMap":{"0":{"loc":{"start":{"line":61,"column":79},"end":{"line":61,"column":90}},"type":"default-arg","locations":[{"start":{"line":61,"column":87},"end":{"line":61,"column":90}}],"line":61},"1":{"loc":{"start":{"line":64,"column":4},"end":{"line":67,"column":5}},"type":"if","locations":[{"start":{"line":64,"column":4},"end":{"line":67,"column":5}},{"start":{},"end":{}}],"line":64},"2":{"loc":{"start":{"line":64,"column":8},"end":{"line":64,"column":38}},"type":"binary-expr","locations":[{"start":{"line":64,"column":8},"end":{"line":64,"column":15}},{"start":{"line":64,"column":19},"end":{"line":64,"column":38}}],"line":64},"3":{"loc":{"start":{"line":89,"column":69},"end":{"line":89,"column":80}},"type":"default-arg","locations":[{"start":{"line":89,"column":77},"end":{"line":89,"column":80}}],"line":89},"4":{"loc":{"start":{"line":94,"column":4},"end":{"line":97,"column":5}},"type":"if","locations":[{"start":{"line":94,"column":4},"end":{"line":97,"column":5}},{"start":{},"end":{}}],"line":94},"5":{"loc":{"start":{"line":94,"column":8},"end":{"line":94,"column":44}},"type":"binary-expr","locations":[{"start":{"line":94,"column":8},"end":{"line":94,"column":18}},{"start":{"line":94,"column":22},"end":{"line":94,"column":44}}],"line":94},"6":{"loc":{"start":{"line":119,"column":59},"end":{"line":119,"column":70}},"type":"default-arg","locations":[{"start":{"line":119,"column":67},"end":{"line":119,"column":70}}],"line":119},"7":{"loc":{"start":{"line":119,"column":72},"end":{"line":119,"column":84}},"type":"default-arg","locations":[{"start":{"line":119,"column":82},"end":{"line":119,"column":84}}],"line":119},"8":{"loc":{"start":{"line":122,"column":4},"end":{"line":126,"column":5}},"type":"if","locations":[{"start":{"line":122,"column":4},"end":{"line":126,"column":5}},{"start":{},"end":{}}],"line":122},"9":{"loc":{"start":{"line":136,"column":4},"end":{"line":202,"column":5}},"type":"if","locations":[{"start":{"line":136,"column":4},"end":{"line":202,"column":5}},{"start":{"line":192,"column":11},"end":{"line":202,"column":5}}],"line":136},"10":{"loc":{"start":{"line":136,"column":8},"end":{"line":136,"column":125}},"type":"binary-expr","locations":[{"start":{"line":136,"column":8},"end":{"line":136,"column":27}},{"start":{"line":136,"column":31},"end":{"line":136,"column":51}},{"start":{"line":136,"column":56},"end":{"line":136,"column":75}},{"start":{"line":136,"column":79},"end":{"line":136,"column":124}}],"line":136},"11":{"loc":{"start":{"line":142,"column":8},"end":{"line":144,"column":9}},"type":"if","locations":[{"start":{"line":142,"column":8},"end":{"line":144,"column":9}},{"start":{},"end":{}}],"line":142},"12":{"loc":{"start":{"line":150,"column":6},"end":{"line":153,"column":7}},"type":"if","locations":[{"start":{"line":150,"column":6},"end":{"line":153,"column":7}},{"start":{},"end":{}}],"line":150},"13":{"loc":{"start":{"line":150,"column":10},"end":{"line":150,"column":40}},"type":"binary-expr","locations":[{"start":{"line":150,"column":10},"end":{"line":150,"column":17}},{"start":{"line":150,"column":21},"end":{"line":150,"column":40}}],"line":150},"14":{"loc":{"start":{"line":161,"column":8},"end":{"line":167,"column":9}},"type":"if","locations":[{"start":{"line":161,"column":8},"end":{"line":167,"column":9}},{"start":{"line":164,"column":15},"end":{"line":167,"column":9}}],"line":161},"15":{"loc":{"start":{"line":164,"column":15},"end":{"line":167,"column":9}},"type":"if","locations":[{"start":{"line":164,"column":15},"end":{"line":167,"column":9}},{"start":{},"end":{}}],"line":164},"16":{"loc":{"start":{"line":164,"column":19},"end":{"line":164,"column":82}},"type":"binary-expr","locations":[{"start":{"line":164,"column":19},"end":{"line":164,"column":28}},{"start":{"line":164,"column":32},"end":{"line":164,"column":44}},{"start":{"line":164,"column":48},"end":{"line":164,"column":82}}],"line":164},"17":{"loc":{"start":{"line":186,"column":6},"end":{"line":190,"column":7}},"type":"if","locations":[{"start":{"line":186,"column":6},"end":{"line":190,"column":7}},{"start":{"line":188,"column":13},"end":{"line":190,"column":7}}],"line":186},"18":{"loc":{"start":{"line":197,"column":6},"end":{"line":201,"column":7}},"type":"if","locations":[{"start":{"line":197,"column":6},"end":{"line":201,"column":7}},{"start":{"line":199,"column":13},"end":{"line":201,"column":7}}],"line":197},"19":{"loc":{"start":{"line":197,"column":10},"end":{"line":197,"column":28}},"type":"binary-expr","locations":[{"start":{"line":197,"column":10},"end":{"line":197,"column":15}},{"start":{"line":197,"column":19},"end":{"line":197,"column":28}}],"line":197},"20":{"loc":{"start":{"line":230,"column":13},"end":{"line":230,"column":86}},"type":"cond-expr","locations":[{"start":{"line":230,"column":70},"end":{"line":230,"column":82}},{"start":{"line":230,"column":85},"end":{"line":230,"column":86}}],"line":230},"21":{"loc":{"start":{"line":230,"column":14},"end":{"line":230,"column":66}},"type":"binary-expr","locations":[{"start":{"line":230,"column":14},"end":{"line":230,"column":42}},{"start":{"line":230,"column":46},"end":{"line":230,"column":66}}],"line":230},"22":{"loc":{"start":{"line":238,"column":61},"end":{"line":238,"column":73}},"type":"default-arg","locations":[{"start":{"line":238,"column":71},"end":{"line":238,"column":73}}],"line":238},"23":{"loc":{"start":{"line":240,"column":2},"end":{"line":248,"column":3}},"type":"if","locations":[{"start":{"line":240,"column":2},"end":{"line":248,"column":3}},{"start":{},"end":{}}],"line":240},"24":{"loc":{"start":{"line":241,"column":4},"end":{"line":243,"column":5}},"type":"if","locations":[{"start":{"line":241,"column":4},"end":{"line":243,"column":5}},{"start":{},"end":{}}],"line":241},"25":{"loc":{"start":{"line":244,"column":4},"end":{"line":247,"column":5}},"type":"if","locations":[{"start":{"line":244,"column":4},"end":{"line":247,"column":5}},{"start":{},"end":{}}],"line":244},"26":{"loc":{"start":{"line":246,"column":14},"end":{"line":246,"column":49}},"type":"binary-expr","locations":[{"start":{"line":246,"column":14},"end":{"line":246,"column":44}},{"start":{"line":246,"column":48},"end":{"line":246,"column":49}}],"line":246},"27":{"loc":{"start":{"line":246,"column":54},"end":{"line":246,"column":88}},"type":"binary-expr","locations":[{"start":{"line":246,"column":54},"end":{"line":246,"column":83}},{"start":{"line":246,"column":87},"end":{"line":246,"column":88}}],"line":246},"28":{"loc":{"start":{"line":261,"column":9},"end":{"line":261,"column":67}},"type":"cond-expr","locations":[{"start":{"line":261,"column":44},"end":{"line":261,"column":63}},{"start":{"line":261,"column":66},"end":{"line":261,"column":67}}],"line":261},"29":{"loc":{"start":{"line":261,"column":10},"end":{"line":261,"column":40}},"type":"binary-expr","locations":[{"start":{"line":261,"column":10},"end":{"line":261,"column":17}},{"start":{"line":261,"column":21},"end":{"line":261,"column":40}}],"line":261},"30":{"loc":{"start":{"line":274,"column":9},"end":{"line":274,"column":67}},"type":"cond-expr","locations":[{"start":{"line":274,"column":44},"end":{"line":274,"column":63}},{"start":{"line":274,"column":66},"end":{"line":274,"column":67}}],"line":274},"31":{"loc":{"start":{"line":274,"column":10},"end":{"line":274,"column":40}},"type":"binary-expr","locations":[{"start":{"line":274,"column":10},"end":{"line":274,"column":17}},{"start":{"line":274,"column":21},"end":{"line":274,"column":40}}],"line":274},"32":{"loc":{"start":{"line":280,"column":9},"end":{"line":280,"column":63}},"type":"cond-expr","locations":[{"start":{"line":280,"column":37},"end":{"line":280,"column":51}},{"start":{"line":280,"column":54},"end":{"line":280,"column":63}}],"line":280},"33":{"loc":{"start":{"line":280,"column":10},"end":{"line":280,"column":33}},"type":"binary-expr","locations":[{"start":{"line":280,"column":10},"end":{"line":280,"column":15}},{"start":{"line":280,"column":19},"end":{"line":280,"column":33}}],"line":280},"34":{"loc":{"start":{"line":297,"column":26},"end":{"line":297,"column":75}},"type":"cond-expr","locations":[{"start":{"line":297,"column":38},"end":{"line":297,"column":47}},{"start":{"line":297,"column":50},"end":{"line":297,"column":75}}],"line":297},"35":{"loc":{"start":{"line":300,"column":4},"end":{"line":303,"column":5}},"type":"if","locations":[{"start":{"line":300,"column":4},"end":{"line":303,"column":5}},{"start":{},"end":{}}],"line":300},"36":{"loc":{"start":{"line":300,"column":8},"end":{"line":300,"column":55}},"type":"binary-expr","locations":[{"start":{"line":300,"column":8},"end":{"line":300,"column":21}},{"start":{"line":300,"column":25},"end":{"line":300,"column":55}}],"line":300},"37":{"loc":{"start":{"line":315,"column":6},"end":{"line":317,"column":7}},"type":"if","locations":[{"start":{"line":315,"column":6},"end":{"line":317,"column":7}},{"start":{},"end":{}}],"line":315},"38":{"loc":{"start":{"line":327,"column":15},"end":{"line":327,"column":55}},"type":"binary-expr","locations":[{"start":{"line":327,"column":15},"end":{"line":327,"column":25}},{"start":{"line":327,"column":29},"end":{"line":327,"column":55}}],"line":327},"39":{"loc":{"start":{"line":329,"column":19},"end":{"line":329,"column":41}},"type":"binary-expr","locations":[{"start":{"line":329,"column":19},"end":{"line":329,"column":29}},{"start":{"line":329,"column":33},"end":{"line":329,"column":41}}],"line":329},"40":{"loc":{"start":{"line":330,"column":13},"end":{"line":330,"column":43}},"type":"cond-expr","locations":[{"start":{"line":330,"column":25},"end":{"line":330,"column":39}},{"start":{"line":330,"column":42},"end":{"line":330,"column":43}}],"line":330},"41":{"loc":{"start":{"line":348,"column":4},"end":{"line":350,"column":5}},"type":"if","locations":[{"start":{"line":348,"column":4},"end":{"line":350,"column":5}},{"start":{},"end":{}}],"line":348},"42":{"loc":{"start":{"line":358,"column":96},"end":{"line":358,"column":108}},"type":"default-arg","locations":[{"start":{"line":358,"column":106},"end":{"line":358,"column":108}}],"line":358},"43":{"loc":{"start":{"line":360,"column":2},"end":{"line":362,"column":3}},"type":"if","locations":[{"start":{"line":360,"column":2},"end":{"line":362,"column":3}},{"start":{},"end":{}}],"line":360},"44":{"loc":{"start":{"line":382,"column":77},"end":{"line":382,"column":89}},"type":"default-arg","locations":[{"start":{"line":382,"column":87},"end":{"line":382,"column":89}}],"line":382},"45":{"loc":{"start":{"line":384,"column":4},"end":{"line":392,"column":5}},"type":"if","locations":[{"start":{"line":384,"column":4},"end":{"line":392,"column":5}},{"start":{},"end":{}}],"line":384},"46":{"loc":{"start":{"line":385,"column":6},"end":{"line":387,"column":7}},"type":"if","locations":[{"start":{"line":385,"column":6},"end":{"line":387,"column":7}},{"start":{},"end":{}}],"line":385},"47":{"loc":{"start":{"line":388,"column":6},"end":{"line":390,"column":7}},"type":"if","locations":[{"start":{"line":388,"column":6},"end":{"line":390,"column":7}},{"start":{},"end":{}}],"line":388},"48":{"loc":{"start":{"line":449,"column":88},"end":{"line":449,"column":100}},"type":"default-arg","locations":[{"start":{"line":449,"column":98},"end":{"line":449,"column":100}}],"line":449},"49":{"loc":{"start":{"line":451,"column":2},"end":{"line":460,"column":3}},"type":"if","locations":[{"start":{"line":451,"column":2},"end":{"line":460,"column":3}},{"start":{},"end":{}}],"line":451},"50":{"loc":{"start":{"line":453,"column":4},"end":{"line":457,"column":5}},"type":"if","locations":[{"start":{"line":453,"column":4},"end":{"line":457,"column":5}},{"start":{"line":455,"column":11},"end":{"line":457,"column":5}}],"line":453},"51":{"loc":{"start":{"line":454,"column":13},"end":{"line":454,"column":48}},"type":"binary-expr","locations":[{"start":{"line":454,"column":13},"end":{"line":454,"column":43}},{"start":{"line":454,"column":47},"end":{"line":454,"column":48}}],"line":454},"52":{"loc":{"start":{"line":455,"column":11},"end":{"line":457,"column":5}},"type":"if","locations":[{"start":{"line":455,"column":11},"end":{"line":457,"column":5}},{"start":{},"end":{}}],"line":455},"53":{"loc":{"start":{"line":475,"column":15},"end":{"line":475,"column":89}},"type":"cond-expr","locations":[{"start":{"line":475,"column":73},"end":{"line":475,"column":85}},{"start":{"line":475,"column":88},"end":{"line":475,"column":89}}],"line":475},"54":{"loc":{"start":{"line":475,"column":16},"end":{"line":475,"column":69}},"type":"binary-expr","locations":[{"start":{"line":475,"column":16},"end":{"line":475,"column":44}},{"start":{"line":475,"column":48},"end":{"line":475,"column":69}}],"line":475},"55":{"loc":{"start":{"line":489,"column":4},"end":{"line":489,"column":49}},"type":"if","locations":[{"start":{"line":489,"column":4},"end":{"line":489,"column":49}},{"start":{},"end":{}}],"line":489},"56":{"loc":{"start":{"line":514,"column":45},"end":{"line":514,"column":57}},"type":"default-arg","locations":[{"start":{"line":514,"column":55},"end":{"line":514,"column":57}}],"line":514},"57":{"loc":{"start":{"line":517,"column":4},"end":{"line":568,"column":5}},"type":"if","locations":[{"start":{"line":517,"column":4},"end":{"line":568,"column":5}},{"start":{},"end":{}}],"line":517},"58":{"loc":{"start":{"line":519,"column":6},"end":{"line":523,"column":7}},"type":"if","locations":[{"start":{"line":519,"column":6},"end":{"line":523,"column":7}},{"start":{},"end":{}}],"line":519},"59":{"loc":{"start":{"line":519,"column":10},"end":{"line":519,"column":75}},"type":"binary-expr","locations":[{"start":{"line":519,"column":10},"end":{"line":519,"column":37}},{"start":{"line":519,"column":41},"end":{"line":519,"column":75}}],"line":519},"60":{"loc":{"start":{"line":576,"column":4},"end":{"line":594,"column":5}},"type":"if","locations":[{"start":{"line":576,"column":4},"end":{"line":594,"column":5}},{"start":{"line":591,"column":11},"end":{"line":594,"column":5}}],"line":576},"61":{"loc":{"start":{"line":576,"column":8},"end":{"line":576,"column":81}},"type":"binary-expr","locations":[{"start":{"line":576,"column":8},"end":{"line":576,"column":20}},{"start":{"line":576,"column":25},"end":{"line":576,"column":80}}],"line":576},"62":{"loc":{"start":{"line":580,"column":6},"end":{"line":583,"column":7}},"type":"if","locations":[{"start":{"line":580,"column":6},"end":{"line":583,"column":7}},{"start":{},"end":{}}],"line":580},"63":{"loc":{"start":{"line":614,"column":50},"end":{"line":614,"column":62}},"type":"default-arg","locations":[{"start":{"line":614,"column":60},"end":{"line":614,"column":62}}],"line":614},"64":{"loc":{"start":{"line":616,"column":2},"end":{"line":628,"column":3}},"type":"if","locations":[{"start":{"line":616,"column":2},"end":{"line":628,"column":3}},{"start":{},"end":{}}],"line":616},"65":{"loc":{"start":{"line":623,"column":22},"end":{"line":623,"column":51}},"type":"cond-expr","locations":[{"start":{"line":623,"column":38},"end":{"line":623,"column":47}},{"start":{"line":623,"column":50},"end":{"line":623,"column":51}}],"line":623},"66":{"loc":{"start":{"line":649,"column":66},"end":{"line":649,"column":78}},"type":"default-arg","locations":[{"start":{"line":649,"column":76},"end":{"line":649,"column":78}}],"line":649},"67":{"loc":{"start":{"line":657,"column":35},"end":{"line":657,"column":69}},"type":"binary-expr","locations":[{"start":{"line":657,"column":35},"end":{"line":657,"column":64}},{"start":{"line":657,"column":68},"end":{"line":657,"column":69}}],"line":657},"68":{"loc":{"start":{"line":670,"column":67},"end":{"line":670,"column":79}},"type":"default-arg","locations":[{"start":{"line":670,"column":77},"end":{"line":670,"column":79}}],"line":670},"69":{"loc":{"start":{"line":678,"column":36},"end":{"line":678,"column":71}},"type":"binary-expr","locations":[{"start":{"line":678,"column":36},"end":{"line":678,"column":66}},{"start":{"line":678,"column":70},"end":{"line":678,"column":71}}],"line":678},"70":{"loc":{"start":{"line":683,"column":77},"end":{"line":683,"column":89}},"type":"default-arg","locations":[{"start":{"line":683,"column":87},"end":{"line":683,"column":89}}],"line":683},"71":{"loc":{"start":{"line":691,"column":6},"end":{"line":695,"column":7}},"type":"if","locations":[{"start":{"line":691,"column":6},"end":{"line":695,"column":7}},{"start":{},"end":{}}],"line":691},"72":{"loc":{"start":{"line":692,"column":8},"end":{"line":694,"column":9}},"type":"if","locations":[{"start":{"line":692,"column":8},"end":{"line":694,"column":9}},{"start":{},"end":{}}],"line":692},"73":{"loc":{"start":{"line":699,"column":47},"end":{"line":699,"column":91}},"type":"binary-expr","locations":[{"start":{"line":699,"column":47},"end":{"line":699,"column":85}},{"start":{"line":699,"column":89},"end":{"line":699,"column":91}}],"line":699},"74":{"loc":{"start":{"line":718,"column":2},"end":{"line":720,"column":3}},"type":"if","locations":[{"start":{"line":718,"column":2},"end":{"line":720,"column":3}},{"start":{},"end":{}}],"line":718},"75":{"loc":{"start":{"line":718,"column":6},"end":{"line":718,"column":46}},"type":"binary-expr","locations":[{"start":{"line":718,"column":6},"end":{"line":718,"column":20}},{"start":{"line":718,"column":24},"end":{"line":718,"column":46}}],"line":718},"76":{"loc":{"start":{"line":726,"column":4},"end":{"line":740,"column":5}},"type":"if","locations":[{"start":{"line":726,"column":4},"end":{"line":740,"column":5}},{"start":{"line":729,"column":11},"end":{"line":740,"column":5}}],"line":726},"77":{"loc":{"start":{"line":735,"column":10},"end":{"line":735,"column":60}},"type":"binary-expr","locations":[{"start":{"line":735,"column":10},"end":{"line":735,"column":37}},{"start":{"line":735,"column":41},"end":{"line":735,"column":60}}],"line":735},"78":{"loc":{"start":{"line":754,"column":2},"end":{"line":757,"column":3}},"type":"if","locations":[{"start":{"line":754,"column":2},"end":{"line":757,"column":3}},{"start":{},"end":{}}],"line":754},"79":{"loc":{"start":{"line":759,"column":26},"end":{"line":759,"column":62}},"type":"binary-expr","locations":[{"start":{"line":759,"column":26},"end":{"line":759,"column":52}},{"start":{"line":759,"column":56},"end":{"line":759,"column":62}}],"line":759},"80":{"loc":{"start":{"line":761,"column":23},"end":{"line":761,"column":76}},"type":"cond-expr","locations":[{"start":{"line":761,"column":42},"end":{"line":761,"column":64}},{"start":{"line":761,"column":67},"end":{"line":761,"column":76}}],"line":761},"81":{"loc":{"start":{"line":763,"column":2},"end":{"line":787,"column":3}},"type":"if","locations":[{"start":{"line":763,"column":2},"end":{"line":787,"column":3}},{"start":{},"end":{}}],"line":763},"82":{"loc":{"start":{"line":768,"column":6},"end":{"line":778,"column":7}},"type":"if","locations":[{"start":{"line":768,"column":6},"end":{"line":778,"column":7}},{"start":{"line":771,"column":13},"end":{"line":778,"column":7}}],"line":768},"83":{"loc":{"start":{"line":769,"column":31},"end":{"line":769,"column":71}},"type":"binary-expr","locations":[{"start":{"line":769,"column":31},"end":{"line":769,"column":65}},{"start":{"line":769,"column":69},"end":{"line":769,"column":71}}],"line":769},"84":{"loc":{"start":{"line":774,"column":8},"end":{"line":776,"column":9}},"type":"if","locations":[{"start":{"line":774,"column":8},"end":{"line":776,"column":9}},{"start":{},"end":{}}],"line":774},"85":{"loc":{"start":{"line":782,"column":6},"end":{"line":784,"column":7}},"type":"if","locations":[{"start":{"line":782,"column":6},"end":{"line":784,"column":7}},{"start":{},"end":{}}],"line":782},"86":{"loc":{"start":{"line":789,"column":2},"end":{"line":792,"column":3}},"type":"if","locations":[{"start":{"line":789,"column":2},"end":{"line":792,"column":3}},{"start":{},"end":{}}],"line":789},"87":{"loc":{"start":{"line":789,"column":6},"end":{"line":789,"column":46}},"type":"binary-expr","locations":[{"start":{"line":789,"column":6},"end":{"line":789,"column":24}},{"start":{"line":789,"column":28},"end":{"line":789,"column":46}}],"line":789},"88":{"loc":{"start":{"line":790,"column":27},"end":{"line":790,"column":72}},"type":"binary-expr","locations":[{"start":{"line":790,"column":27},"end":{"line":790,"column":66}},{"start":{"line":790,"column":70},"end":{"line":790,"column":72}}],"line":790},"89":{"loc":{"start":{"line":794,"column":24},"end":{"line":794,"column":78}},"type":"cond-expr","locations":[{"start":{"line":794,"colum
[...]
7":{"start":{"line":140,"column":4},"end":{"line":142,"column":5}},"58":{"start":{"line":140,"column":17},"end":{"line":140,"column":18}},"59":{"start":{"line":141,"column":6},"end":{"line":141,"column":24}},"60":{"start":{"line":145,"column":18},"end":{"line":145,"column":19}},"61":{"start":{"line":146,"column":18},"end":{"line":146,"column":19}},"62":{"start":{"line":149,"column":4},"end":{"line":152,"column":5}},"63":{"start":{"line":149,"column":17},"end":{"line":149,"column":18}},"64":{"start":{"line":150,"column":6},"end":{"line":150,"column":26}},"65":{"start":{"line":151,"column":6},"end":{"line":151,"column":27}},"66":{"start":{"line":153,"column":4},"end":{"line":153,"column":22}},"67":{"start":{"line":154,"column":4},"end":{"line":154,"column":22}},"68":{"start":{"line":158,"column":20},"end":{"line":158,"column":59}},"69":{"start":{"line":159,"column":21},"end":{"line":159,"column":48}},"70":{"start":{"line":161,"column":4},"end":{"line":165,"column":7}},"71":{"start":{"line":168,"column":4},"end":{"line":194,"column":5}},"72":{"start":{"line":168,"column":17},"end":{"line":168,"column":27}},"73":{"start":{"line":171,"column":26},"end":{"line":171,"column":38}},"74":{"start":{"line":172,"column":26},"end":{"line":172,"column":39}},"75":{"start":{"line":175,"column":24},"end":{"line":175,"column":41}},"76":{"start":{"line":176,"column":6},"end":{"line":179,"column":7}},"77":{"start":{"line":178,"column":8},"end":{"line":178,"column":17}},"78":{"start":{"line":183,"column":6},"end":{"line":183,"column":82}},"79":{"start":{"line":184,"column":6},"end":{"line":184,"column":82}},"80":{"start":{"line":186,"column":17},"end":{"line":186,"column":56}},"81":{"start":{"line":187,"column":18},"end":{"line":187,"column":40}},"82":{"start":{"line":189,"column":6},"end":{"line":193,"column":9}},"83":{"start":{"line":198,"column":4},"end":{"line":198,"column":63}},"84":{"start":{"line":198,"column":30},"end":{"line":198,"column":61}},"85":{"start":{"line":201,"column":4},"end":{"line":201,"column":14}},"86":{"start":{"line":213,"column":17},"end":{"line":213,"column":45}},"87":{"start":{"line":214,"column":16},"end":{"line":214,"column":18}},"88":{"start":{"line":215,"column":16},"end":{"line":215,"column":18}},"89":{"start":{"line":217,"column":2},"end":{"line":234,"column":3}},"90":{"start":{"line":217,"column":15},"end":{"line":217,"column":16}},"91":{"start":{"line":218,"column":4},"end":{"line":222,"column":5}},"92":{"start":{"line":219,"column":6},"end":{"line":219,"column":23}},"93":{"start":{"line":220,"column":6},"end":{"line":220,"column":23}},"94":{"start":{"line":221,"column":6},"end":{"line":221,"column":15}},"95":{"start":{"line":225,"column":14},"end":{"line":225,"column":15}},"96":{"start":{"line":226,"column":4},"end":{"line":228,"column":5}},"97":{"start":{"line":226,"column":17},"end":{"line":226,"column":18}},"98":{"start":{"line":227,"column":6},"end":{"line":227,"column":52}},"99":{"start":{"line":229,"column":19},"end":{"line":229,"column":42}},"100":{"start":{"line":232,"column":4},"end":{"line":232,"column":50}},"101":{"start":{"line":233,"column":4},"end":{"line":233,"column":50}},"102":{"start":{"line":236,"column":2},"end":{"line":240,"column":4}},"103":{"start":{"line":251,"column":2},"end":{"line":253,"column":3}},"104":{"start":{"line":252,"column":4},"end":{"line":252,"column":13}},"105":{"start":{"line":256,"column":20},"end":{"line":262,"column":3}},"106":{"start":{"line":257,"column":16},"end":{"line":257,"column":33}},"107":{"start":{"line":258,"column":16},"end":{"line":258,"column":33}},"108":{"start":{"line":259,"column":18},"end":{"line":259,"column":27}},"109":{"start":{"line":260,"column":4},"end":{"line":260,"column":48}},"110":{"start":{"line":260,"column":21},"end":{"line":260,"column":48}},"111":{"start":{"line":260,"column":43},"end":{"line":260,"column":46}},"112":{"start":{"line":261,"column":4},"end":{"line":261,"column":44}},"113":{"start":{"line":261,"column":25},"end":{"line":261,"column":42}},"114":{"start":{"line":264,"column":16},"end":{"line":264,"column":34}},"115":{"start":{"line":265,"column":16},"end":{"line":265,"column":34}},"116":{"start":{"line":268,"column":17},"end":{"line":268,"column":78}},"117":{"start":{"line":268,"column":34},"end":{"line":268,"column":78}},"118":{"start":{"line":271,"column":22},"end":{"line":271,"column":71}},"119":{"start":{"line":271,"column":51},"end":{"line":271,"column":70}},"120":{"start":{"line":272,"column":20},"end":{"line":272,"column":39}},"121":{"start":{"line":273,"column":20},"end":{"line":273,"column":39}},"122":{"start":{"line":275,"column":2},"end":{"line":281,"column":3}},"123":{"start":{"line":275,"column":15},"end":{"line":275,"column":16}},"124":{"start":{"line":276,"column":17},"end":{"line":276,"column":39}},"125":{"start":{"line":277,"column":17},"end":{"line":277,"column":39}},"126":{"start":{"line":278,"column":4},"end":{"line":278,"column":30}},"127":{"start":{"line":279,"column":4},"end":{"line":279,"column":22}},"128":{"start":{"line":280,"column":4},"end":{"line":280,"column":22}},"129":{"start":{"line":283,"column":12},"end":{"line":283,"column":24}},"130":{"start":{"line":284,"column":19},"end":{"line":284,"column":20}},"131":{"start":{"line":287,"column":2},"end":{"line":297,"column":3}},"132":{"start":{"line":287,"column":15},"end":{"line":287,"column":16}},"133":{"start":{"line":288,"column":4},"end":{"line":296,"column":5}},"134":{"start":{"line":288,"column":17},"end":{"line":288,"column":18}},"135":{"start":{"line":289,"column":24},"end":{"line":289,"column":45}},"136":{"start":{"line":290,"column":28},"end":{"line":290,"column":44}},"137":{"start":{"line":291,"column":28},"end":{"line":291,"column":44}},"138":{"start":{"line":293,"column":6},"end":{"line":295,"column":7}},"139":{"start":{"line":294,"column":8},"end":{"line":294,"column":89}},"140":{"start":{"line":299,"column":2},"end":{"line":299,"column":20}},"141":{"start":{"line":309,"column":2},"end":{"line":311,"column":3}},"142":{"start":{"line":310,"column":4},"end":{"line":310,"column":14}},"143":{"start":{"line":313,"column":12},"end":{"line":313,"column":30}},"144":{"start":{"line":314,"column":17},"end":{"line":314,"column":60}},"145":{"start":{"line":314,"column":43},"end":{"line":314,"column":59}},"146":{"start":{"line":316,"column":2},"end":{"line":324,"column":3}},"147":{"start":{"line":316,"column":15},"end":{"line":316,"column":16}},"148":{"start":{"line":317,"column":4},"end":{"line":323,"column":5}},"149":{"start":{"line":317,"column":17},"end":{"line":317,"column":18}},"150":{"start":{"line":318,"column":6},"end":{"line":322,"column":7}},"151":{"start":{"line":319,"column":8},"end":{"line":319,"column":25}},"152":{"start":{"line":321,"column":8},"end":{"line":321,"column":88}},"153":{"start":{"line":326,"column":2},"end":{"line":326,"column":16}},"154":{"start":{"line":335,"column":2},"end":{"line":337,"column":3}},"155":{"start":{"line":336,"column":4},"end":{"line":336,"column":14}},"156":{"start":{"line":339,"column":18},"end":{"line":339,"column":20}},"157":{"start":{"line":340,"column":2},"end":{"line":343,"column":3}},"158":{"start":{"line":340,"column":15},"end":{"line":340,"column":16}},"159":{"start":{"line":341,"column":24},"end":{"line":341,"column":67}},"160":{"start":{"line":342,"column":4},"end":{"line":342,"column":30}},"161":{"start":{"line":345,"column":2},"end":{"line":345,"column":17}},"162":{"start":{"line":348,"column":0},"end":{"line":357,"column":2}}},"fnMap":{"0":{"name":"calculateSMA","decl":{"start":{"line":11,"column":9},"end":{"line":11,"column":21}},"loc":{"start":{"line":11,"column":38},"end":{"line":29,"column":1}},"line":11},"1":{"name":"calculateEMA","decl":{"start":{"line":37,"column":9},"end":{"line":37,"column":21}},"loc":{"start":{"line":37,"column":38},"end":{"line":61,"column":1}},"line":37},"2":{"name":"(anonymous_2)","decl":{"start":{"line":42,"column":43},"end":{"line":42,"column":44}},"loc":{"start":{"line":42,"column":59},"end":{"line":42,"column":70}},"line":42},"3":{"name":"calculateMACD","decl":{"start":{"line":71,"column":9},"end":{"line":71,"column":22}},"loc":{"start":{"line":71,"column":83},"end":{"line":110,"column":1}},"line":71},"4":{"name":"(anonymous_4)","decl":{"start":{"line":88,"column":20},"end":{"line":88,"column":21}},"loc":{"start":{"line":88,"column":29},"end":{"line":88,"column":43}},"line":88},"5":{"name":"calculateRSI","decl":{"start":{"line":118,"column":9},"end":{"line":118,"column":21}},"loc":{"start":{"line":118,"column":38},"end":{"line":203,"column":1}},"line":118},"6":{"name":"(anonymous_6)","decl":{"start":{"line":198,"column":22},"end":{"line":198,"column":23}},"loc":{"start":{"line":198,"column":30},"end":{"line":198,"column":61}},"line":198},"7":{"name":"calculateBollingerBands","decl":{"start":{"line":212,"column":9},"end":{"line":212,"column":32}},"loc":{"start":{"line":212,"column":70},"end":{"line":241,"column":1}},"line":212},"8":{"name":"calculateMutualInformation","decl":{"start":{"line":250,"column":9},"end":{"line":250,"column":35}},"loc":{"start":{"line":250,"column":65},"end":{"line":300,"column":1}},"line":250},"9":{"name":"(anonymous_9)","decl":{"start":{"line":256,"column":20},"end":{"line":256,"column":21}},"loc":{"start":{"line":256,"column":30},"end":{"line":262,"column":3}},"line":256},"10":{"name":"(anonymous_10)","decl":{"start":{"line":260,"column":37},"end":{"line":260,"column":38}},"loc":{"start":{"line":260,"column":43},"end":{"line":260,"column":46}},"line":260},"11":{"name":"(anonymous_11)","decl":{"start":{"line":261,"column":20},"end":{"line":261,"column":21}},"loc":{"start":{"line":261,"column":25},"end":{"line":261,"column":42}},"line":261},"12":{"name":"(anonymous_12)","decl":{"start":{"line":268,"column":17},"end":{"line":268,"column":18}},"loc":{"start":{"line":268,"column":34},"end":{"line":268,"column":78}},"line":268},"13":{"name":"(anonymous_13)","decl":{"start":{"line":271,"column":45},"end":{"line":271,"column":46}},"loc":{"start":{"line":271,"column":51},"end":{"line":271,"column":70}},"line":271},"14":{"name":"calculateMutualInformationMatrix","decl":{"start":{"line":308,"column":9},"end":{"line":308,"column":41}},"loc":{"start":{"line":308,"column":66},"end":{"line":327,"column":1}},"line":308},"15":{"name":"(anonymous_15)","decl":{"start":{"line":314,"column":37},"end":{"line":314,"column":38}},"loc":{"start":{"line":314,"column":43},"end":{"line":314,"column":59}},"line":314},"16":{"name":"calculateReturns","decl":{"start":{"line":334,"column":9},"end":{"line":334,"column":25}},"loc":{"start":{"line":334,"column":34},"end":{"line":346,"column":1}},"line":334}},"branchMap":{"0":{"loc":{"start":{"line":15,"column":4},"end":{"line":18,"column":5}},"type":"if","locations":[{"start":{"line":15,"column":4},"end":{"line":18,"column":5}},{"start":{},"end":{}}],"line":15},"1":{"loc":{"start":{"line":45,"column":4},"end":{"line":48,"column":5}},"type":"if","locations":[{"start":{"line":45,"column":4},"end":{"line":48,"column":5}},{"start":{},"end":{}}],"line":45},"2":{"loc":{"start":{"line":50,"column":4},"end":{"line":53,"column":5}},"type":"if","locations":[{"start":{"line":50,"column":4},"end":{"line":53,"column":5}},{"start":{},"end":{}}],"line":50},"3":{"loc":{"start":{"line":71,"column":31},"end":{"line":71,"column":46}},"type":"default-arg","locations":[{"start":{"line":71,"column":44},"end":{"line":71,"column":46}}],"line":71},"4":{"loc":{"start":{"line":71,"column":48},"end":{"line":71,"column":63}},"type":"default-arg","locations":[{"start":{"line":71,"column":61},"end":{"line":71,"column":63}}],"line":71},"5":{"loc":{"start":{"line":71,"column":65},"end":{"line":71,"column":81}},"type":"default-arg","locations":[{"start":{"line":71,"column":80},"end":{"line":71,"column":81}}],"line":71},"6":{"loc":{"start":{"line":78,"column":4},"end":{"line":81,"column":5}},"type":"if","locations":[{"start":{"line":78,"column":4},"end":{"line":81,"column":5}},{"start":{},"end":{}}],"line":78},"7":{"loc":{"start":{"line":98,"column":4},"end":{"line":102,"column":5}},"type":"if","locations":[{"start":{"line":98,"column":4},"end":{"line":102,"column":5}},{"start":{"line":100,"column":11},"end":{"line":102,"column":5}}],"line":98},"8":{"loc":{"start":{"line":98,"column":8},"end":{"line":98,"column":60}},"type":"binary-expr","locations":[{"start":{"line":98,"column":8},"end":{"line":98,"column":28}},{"start":{"line":98,"column":32},"end":{"line":98,"column":60}}],"line":98},"9":{"loc":{"start":{"line":122,"column":2},"end":{"line":125,"column":3}},"type":"if","locations":[{"start":{"line":122,"column":2},"end":{"line":125,"column":3}},{"start":{},"end":{}}],"line":122},"10":{"loc":{"start":{"line":122,"column":6},"end":{"line":122,"column":39}},"type":"binary-expr","locations":[{"start":{"line":122,"column":6},"end":{"line":122,"column":13}},{"start":{"line":122,"column":17},"end":{"line":122,"column":39}}],"line":122},"11":{"loc":{"start":{"line":135,"column":17},"end":{"line":135,"column":40}},"type":"cond-expr","locations":[{"start":{"line":135,"column":30},"end":{"line":135,"column":36}},{"start":{"line":135,"column":39},"end":{"line":135,"column":40}}],"line":135},"12":{"loc":{"start":{"line":136,"column":18},"end":{"line":136,"column":42}},"type":"cond-expr","locations":[{"start":{"line":136,"column":31},"end":{"line":136,"column":38}},{"start":{"line":136,"column":41},"end":{"line":136,"column":42}}],"line":136},"13":{"loc":{"start":{"line":158,"column":20},"end":{"line":158,"column":59}},"type":"cond-expr","locations":[{"start":{"line":158,"column":36},"end":{"line":158,"column":39}},{"start":{"line":158,"column":42},"end":{"line":158,"column":59}}],"line":158},"14":{"loc":{"start":{"line":176,"column":6},"end":{"line":179,"column":7}},"type":"if","locations":[{"start":{"line":176,"column":6},"end":{"line":179,"column":7}},{"start":{},"end":{}}],"line":176},"15":{"loc":{"start":{"line":176,"column":10},"end":{"line":176,"column":45}},"type":"binary-expr","locations":[{"start":{"line":176,"column":10},"end":{"line":176,"column":23}},{"start":{"line":176,"column":27},"end":{"line":176,"column":45}}],"line":176},"16":{"loc":{"start":{"line":186,"column":17},"end":{"line":186,"column":56}},"type":"cond-expr","locations":[{"start":{"line":186,"column":33},"end":{"line":186,"column":36}},{"start":{"line":186,"column":39},"end":{"line":186,"column":56}}],"line":186},"17":{"loc":{"start":{"line":198,"column":30},"end":{"line":198,"column":61}},"type":"cond-expr","locations":[{"start":{"line":198,"column":46},"end":{"line":198,"column":50}},{"start":{"line":198,"column":53},"end":{"line":198,"column":61}}],"line":198},"18":{"loc":{"start":{"line":212,"column":41},"end":{"line":212,"column":52}},"type":"default-arg","locations":[{"start":{"line":212,"column":50},"end":{"line":212,"column":52}}],"line":212},"19":{"loc":{"start":{"line":212,"column":54},"end":{"line":212,"column":68}},"type":"default-arg","locations":[{"start":{"line":212,"column":67},"end":{"line":212,"column":68}}],"line":212},"20":{"loc":{"start":{"line":218,"column":4},"end":{"line":222,"column":5}},"type":"if","locations":[{"start":{"line":218,"column":4},"end":{"line":222,"column":5}},{"start":{},"end":{}}],"line":218},"21":{"loc":{"start":{"line":250,"column":54},"end":{"line":250,"column":63}},"type":"default-arg","locations":[{"start":{"line":250,"column":61},"end":{"line":250,"column":63}}],"line":250},"22":{"loc":{"start":{"line":251,"column":2},"end":{"line":253,"column":3}},"type":"if","locations":[{"start":{"line":251,"column":2},"end":{"line":253,"column":3}},{"start":{},"end":{}}],"line":251},"23":{"loc":{"start":{"line":251,"column":6},"end":{"line":251,"column":87}},"type":"binary-expr","locations":[{"start":{"line":251,"column":6},"end":{"line":251,"column":14}},{"start":{"line":251,"column":18},"end":{"line":251,"column":26}},{"start":{"line":251,"column":30},"end":{"line":251,"column":63}},{"start":{"line":251,"column":67},"end":{"line":251,"column":87}}],"line":251},"24":{"loc":{"start":{"line":260,"column":4},"end":{"line":260,"column":48}},"type":"if","locations":[{"start":{"line":260,"column":4},"end":{"line":260,"column":48}},{"start":{},"end":{}}],"line":260},"25":{"loc":{"start":{"line":293,"column":6},"end":{"line":295,"column":7}},"type":"if","locations":[{"start":{"line":293,"column":6},"end":{"line":295,"column":7}},{"start":{},"end":{}}],"line":293},"26":{"loc":{"start":{"line":293,"column":10},"end":{"line":293,"column":65}},"type":"binary-expr","locations":[{"start":{"line":293,"column":10},"end":{"line":293,"column":23}},{"start":{"line":293,"column":27},"end":{"line":293,"column":44}},{"start":{"line":293,"column":48},"end":{"line":293,"column":65}}],"line":293},"27":{"loc":{"start":{"line":308,"column":55},"end":{"line":308,"column":64}},"type":"default-arg","locations":[{"start":{"line":308,"column":62},"end":{"line":308,"column":64}}],"line":308},"28":{"loc":{"start":{"line":309,"column":2},"end":{"line":311,"column":3}},"type":"if","locations":[{"start":{"line":309,"column":2},"end":{"line":311,"column":3}},{"start":{},"end":{}}],"line":309},"29":{"loc":{"start":{"line":309,"column":6},"end":{"line":309,"column":44}},"type":"binary-expr","locations":[{"start":{"line":309,"column":6},"end":{"line":309,"column":18}},{"start":{"line":309,"column":22},"end":{"line":309,"column":44}}],"line":309},"30":{"loc":{"start":{"line":318,"column":6},"end":{"line":322,"column":7}},"type":"if","locations":[{"start":{"line":318,"column":6},"end":{"line":322,"column":7}},{"start":{"line":320,"column":13},"end":{"line":322,"column":7}}],"line":318},"31":{"loc":{"start":{"line":335,"column":2},"end":{"line":337,"column":3}},"type":"if","locations":[{"start":{"line":335,"column":2},"end":{"line":337,"column":3}},{"start":{},"end":{}}],"line":335},"32":{"loc":{"start":{"line":335,"column":6},"end":{"line":335,"column":34}},"type":"binary-expr","locations":[{"start":{"line":335,"column":6},"end":{"line":335,"column":13}},{"start":{"line":335,"column":17},"end":{"line":335,"column":34}}],"line":335}},"s":{"0":1,"1":1,"2":1,"3":20,"4":4,"5":4,"6":16,"7":16,"8":16,"9":80,"10":16,"11":1,"12":0,"13":0,"14":0,"15":0,"16":0,"17":0,"18":0,"19":0,"20":0,"21":0,"22":0,"23":0,"24":0,"25":0,"26":0,"27":0,"28":0,"29":0,"30":0,"31":0,"32":0,"33":0,"34":0,"35":0,"36":0,"37":0,"38":0,"39":0,"40":0,"41":0,"42":0,"43":0,"44":0,"45":0,"46":0,"47":0,"48":0,"49":0,"50":0,"51":0,"52":0,"53":0,"54":0,"55":0,"56":0,"57":0,"58":0,"59":0,"60":0,"61":0,"62":0,"63":0,"64":0,"65":0,"66":0,"67":0,"68":0,"69":0,"70":0,"71":0,"72":0,"73":0,"74":0,"75":0,"76":0,"77":0,"78":0,"79":0,"80":0,"81":0,"82":0,"83":0,"84":0,"85":0,"86":0,"87":0,"88":0,"89":0,"90":0,"91":0,"92":0,"93":0,"94":0,"95":0,"96":0,"97":0,"98":0,"99":0,"100":0,"101":0,"102":0,"103":19,"104":2,"105":17,"106":34,"107":34,"108":34,"109":34,"110":2,"111":10,"112":32,"113":190,"114":17,"115":17,"116":17,"117":200,"118":17,"119":170,"120":17,"121":17,"122":17,"123":17,"124":100,"125":100,"126":100,"127":100,"128":100,"129":17,"130":17,"131":17,"132":17,"133":170,"134":170,"135":1700,"136":1700,"137":1700,"138":1700,"139":83,"140":17,"141":4,"142":1,"143":3,"144":3,"145":7,"146":3,"147":3,"148":7,"149":7,"150":19,"151":7,"152":12,"153":3,"154":10,"155":2,"156":8,"157":8,"158":8,"159":67,"160":67,"161":8,"162":1},"f":{"0":1,"1":0,"2":0,"3":0,"4":0,"5":0,"6":0,"7":0,"8":19,"9":34,"10":10,"11":190,"12":200,"13":170,"14":4,"15":7,"16":10},"b":{"0":[4,16],"1":[0,0],"2":[0,0],"3":[0],"4":[0],"5":[0],"6":[0,0],"7":[0,0],"8":[0,0],"9":[0,0],"10":[0,0],"11":[0,0],"12":[0,0],"13":[0,0],"14":[0,0],"15":[0,0],"16":[0,0],"17":[0,0],"18":[0],"19":[0],"20":[0,0],"21":[7],"22":[2,17],"23":[19,19,19,18],"24":[2,32],"25":[83,1617],"26":[1700,83,83],"27":[4],"28":[1,3],"29":[4,4],"30":[7,12],"31":[2,8],"32":[10,10]},"_coverageSchema":"1a1c01bbd47fc00a2c39e90264f33305004495a9","hash":"061df545b30a250e780c240d3a6e149a6c486b4d"}
}
