{"/home/runner/work/harvest3/harvest3/src/common/utils.js": {"path":"/home/runner/work/harvest3/harvest3/src/common/utils.js","statementMap":{"0":{"start":{"line":1,"column":31},"end":{"line":1,"column":57}},"1":{"start":{"line":2,"column":16},"end":{"line":2,"column":33}},"2":{"start":{"line":11,"column":22},"end":{"line":11,"column":64}},"3":{"start":{"line":11,"column":51},"end":{"line":11,"column":60}},"4":{"start":{"line":12,"column":2},"end":{"line":12,"column":95}},"5":{"start":{"line":12,"column":46},"end":{"line":12,"column":76}},"6":{"start":{"line":22,"column":2},"end":{"line":60,"column":3}},"7":{"start":{"line":23,"column":18},"end":{"line":23,"column":52}},"8":{"start":{"line":24,"column":19},"end":{"line":24,"column":62}},"9":{"start":{"line":26,"column":20},"end":{"line":26,"column":21}},"10":{"start":{"line":27,"column":19},"end":{"line":27,"column":20}},"11":{"start":{"line":29,"column":4},"end":{"line":53,"column":5}},"12":{"start":{"line":33,"column":6},"end":{"line":44,"column":7}},"13":{"start":{"line":34,"column":8},"end":{"line":40,"column":9}},"14":{"start":{"line":35,"column":10},"end":{"line":35,"column":32}},"15":{"start":{"line":36,"column":10},"end":{"line":36,"column":32}},"16":{"start":{"line":38,"column":10},"end":{"line":38,"column":49}},"17":{"start":{"line":39,"column":10},"end":{"line":39,"column":19}},"18":{"start":{"line":42,"column":8},"end":{"line":42,"column":30}},"19":{"start":{"line":43,"column":8},"end":{"line":43,"column":17}},"20":{"start":{"line":46,"column":21},"end":{"line":46,"column":41}},"21":{"start":{"line":48,"column":6},"end":{"line":52,"column":7}},"22":{"start":{"line":49,"column":8},"end":{"line":49,"column":34}},"23":{"start":{"line":50,"column":13},"end":{"line":52,"column":7}},"24":{"start":{"line":51,"column":8},"end":{"line":51,"column":33}},"25":{"start":{"line":55,"column":4},"end":{"line":55,"column":32}},"26":{"start":{"line":57,"column":4},"end":{"line":57,"column":42}},"27":{"start":{"line":58,"column":4},"end":{"line":58,"column":56}},"28":{"start":{"line":59,"column":4},"end":{"line":59,"column":13}},"29":{"start":{"line":70,"column":16},"end":{"line":70,"column":35}},"30":{"start":{"line":71,"column":15},"end":{"line":71,"column":55}},"31":{"start":{"line":73,"column":2},"end":{"line":79,"column":3}},"32":{"start":{"line":74,"column":14},"end":{"line":74,"column":39}},"33":{"start":{"line":75,"column":14},"end":{"line":75,"column":44}},"34":{"start":{"line":76,"column":14},"end":{"line":76,"column":49}},"35":{"start":{"line":77,"column":14},"end":{"line":77,"column":53}},"36":{"start":{"line":78,"column":13},"end":{"line":78,"column":64}},"37":{"start":{"line":83,"column":14},"end":{"line":83,"column":71}},"38":{"start":{"line":83,"column":22},"end":{"line":83,"column":71}},"39":{"start":{"line":83,"column":47},"end":{"line":83,"column":70}},"40":{"start":{"line":85,"column":0},"end":{"line":90,"column":2}}},"fnMap":{"0":{"name":"weightedAverage","decl":{"start":{"line":10,"column":9},"end":{"line":10,"column":24}},"loc":{"start":{"line":10,"column":42},"end":{"line":13,"column":1}},"line":10},"1":{"name":"(anonymous_1)","decl":{"start":{"line":11,"column":37},"end":{"line":11,"column":38}},"loc":{"start":{"line":11,"column":51},"end":{"line":11,"column":60}},"line":11},"2":{"name":"(anonymous_2)","decl":{"start":{"line":12,"column":23},"end":{"line":12,"column":24}},"loc":{"start":{"line":12,"column":46},"end":{"line":12,"column":76}},"line":12},"3":{"name":"fetchTotal","decl":{"start":{"line":21,"column":15},"end":{"line":21,"column":25}},"loc":{"start":{"line":21,"column":44},"end":{"line":61,"column":1}},"line":21},"4":{"name":"timeframeToMs","decl":{"start":{"line":69,"column":9},"end":{"line":69,"column":22}},"loc":{"start":{"line":69,"column":34},"end":{"line":80,"column":1}},"line":69},"5":{"name":"(anonymous_5)","decl":{"start":{"line":83,"column":14},"end":{"line":83,"column":15}},"loc":{"start":{"line":83,"column":22},"end":{"line":83,"column":71}},"line":83},"6":{"name":"(anonymous_6)","decl":{"start":{"line":83,"column":34},"end":{"line":83,"column":35}},"loc":{"start":{"line":83,"column":47},"end":{"line":83,"column":70}},"line":83}},"branchMap":{"0":{"loc":{"start":{"line":33,"column":6},"end":{"line":44,"column":7}},"type":"if","locations":[{"start":{"line":33,"column":6},"end":{"line":44,"column":7}},{"start":{"line":41,"column":13},"end":{"line":44,"column":7}}],"line":33},"1":{"loc":{"start":{"line":34,"column":8},"end":{"line":40,"column":9}},"type":"if","locations":[{"start":{"line":34,"column":8},"end":{"line":40,"column":9}},{"start":{"line":37,"column":15},"end":{"line":40,"column":9}}],"line":34},"2":{"loc":{"start":{"line":48,"column":6},"end":{"line":52,"column":7}},"type":"if","locations":[{"start":{"line":48,"column":6},"end":{"line":52,"column":7}},{"start":{"line":50,"column":13},"end":{"line":52,"column":7}}],"line":48},"3":{"loc":{"start":{"line":50,"column":13},"end":{"line":52,"column":7}},"type":"if","locations":[{"start":{"line":50,"column":13},"end":{"line":52,"column":7}},{"start":{},"end":{}}],"line":50},"4":{"loc":{"start":{"line":73,"column":2},"end":{"line":79,"column":3}},"type":"switch","locations":[{"start":{"line":74,"column":4},"end":{"line":74,"column":39}},{"start":{"line":75,"column":4},"end":{"line":75,"column":44}},{"start":{"line":76,"column":4},"end":{"line":76,"column":49}},{"start":{"line":77,"column":4},"end":{"line":77,"column":53}},{"start":{"line":78,"column":4},"end":{"line":78,"column":64}}],"line":73}},"s":{"0":1,"1":1,"2":2,"3":4,"4":2,"5":4,"6":4,"7":4,"8":4,"9":3,"10":3,"11":3,"12":6,"13":4,"14":2,"15":2,"16":2,"17":2,"18":2,"19":2,"20":6,"21":6,"22":3,"23":3,"24":3,"25":3,"26":1,"27":1,"28":1,"29":10,"30":10,"31":10,"32":3,"33":2,"34":2,"35":2,"36":1,"37":1,"38":1,"39":1,"40":1},"f":{"0":2,"1":4,"2":4,"3":4,"4":10,"5":1,"6":1},"b":{"0":[4,2],"1":[2,2],"2":[3,3],"3":[3,0],"4":[3,2,2,2,1]},"_coverageSchema":"1a1c01bbd47fc00a2c39e90264f33305004495a9","hash":"025a3120f6b29e9dd772da178868a8d0328417c3"}
}
