TN:
SF:src/common/notifications.js
FN:15,postErrorToDiscord
FN:32,postOrderToDiscord
FN:59,(anonymous_2)
FN:84,postResultToDiscord
FN:90,(anonymous_4)
FN:134,(anonymous_5)
FNF:6
FNH:0
FNDA:0,postErrorToDiscord
FNDA:0,postOrderToDiscord
FNDA:0,(anonymous_2)
FNDA:0,postResultToDiscord
FNDA:0,(anonymous_4)
FNDA:0,(anonymous_5)
DA:1,1
DA:2,1
DA:3,1
DA:5,1
DA:6,1
DA:7,1
DA:8,1
DA:9,1
DA:16,0
DA:17,0
DA:18,0
DA:20,0
DA:23,0
DA:33,0
DA:34,0
DA:35,0
DA:38,0
DA:39,0
DA:40,0
DA:41,0
DA:42,0
DA:45,0
DA:46,0
DA:47,0
DA:48,0
DA:49,0
DA:54,0
DA:56,0
DA:58,0
DA:59,0
DA:62,0
DA:63,0
DA:65,0
DA:66,0
DA:67,0
DA:69,0
DA:72,0
DA:74,0
DA:85,0
DA:86,0
DA:87,0
DA:90,0
DA:92,0
DA:93,0
DA:94,0
DA:97,0
DA:99,0
DA:101,0
DA:102,0
DA:105,0
DA:107,0
DA:108,0
DA:111,0
DA:112,0
DA:114,0
DA:117,0
DA:118,0
DA:120,0
DA:126,0
DA:127,0
DA:131,0
DA:132,0
DA:134,0
DA:135,0
DA:137,0
DA:143,1
LF:66
LH:9
BRDA:16,0,0,0
BRDA:16,0,1,0
BRDA:32,1,0,0
BRDA:33,2,0,0
BRDA:33,2,1,0
BRDA:45,3,0,0
BRDA:45,3,1,0
BRDA:45,4,0,0
BRDA:45,4,1,0
BRDA:45,4,2,0
BRDA:47,5,0,0
BRDA:47,5,1,0
BRDA:54,6,0,0
BRDA:54,6,1,0
BRDA:54,6,2,0
BRDA:62,7,0,0
BRDA:62,7,1,0
BRDA:63,8,0,0
BRDA:63,8,1,0
BRDA:67,9,0,0
BRDA:67,9,1,0
BRDA:84,10,0,0
BRDA:85,11,0,0
BRDA:85,11,1,0
BRDA:101,12,0,0
BRDA:101,12,1,0
BRDA:102,13,0,0
BRDA:102,13,1,0
BRDA:105,14,0,0
BRDA:105,14,1,0
BRDA:107,15,0,0
BRDA:107,15,1,0
BRDA:117,16,0,0
BRDA:117,16,1,0
BRDA:126,17,0,0
BRDA:126,17,1,0
BRF:36
BRH:0
end_of_record
TN:
SF:src/common/utils.js
FN:10,weightedAverage
FN:11,(anonymous_1)
FN:12,(anonymous_2)
FN:21,fetchTotal
FN:69,timeframeToMs
FN:83,(anonymous_5)
FN:83,(anonymous_6)
FNF:7
FNH:7
FNDA:4,weightedAverage
FNDA:8,(anonymous_1)
FNDA:8,(anonymous_2)
FNDA:8,fetchTotal
FNDA:20,timeframeToMs
FNDA:2,(anonymous_5)
FNDA:2,(anonymous_6)
DA:1,3
DA:2,3
DA:11,8
DA:12,8
DA:22,8
DA:23,8
DA:24,8
DA:26,6
DA:27,6
DA:29,6
DA:33,12
DA:34,8
DA:35,4
DA:36,4
DA:38,4
DA:39,4
DA:42,4
DA:43,4
DA:46,12
DA:48,12
DA:49,6
DA:50,6
DA:51,6
DA:55,6
DA:57,2
DA:58,2
DA:59,2
DA:70,20
DA:71,20
DA:73,20
DA:74,6
DA:75,4
DA:76,4
DA:77,4
DA:78,2
DA:83,3
DA:85,3
LF:37
LH:37
BRDA:33,0,0,8
BRDA:33,0,1,4
BRDA:34,1,0,4
BRDA:34,1,1,4
BRDA:48,2,0,6
BRDA:48,2,1,6
BRDA:50,3,0,6
BRDA:50,3,1,0
BRDA:73,4,0,6
BRDA:73,4,1,4
BRDA:73,4,2,4
BRDA:73,4,3,4
BRDA:73,4,4,2
BRF:13
BRH:12
end_of_record
TN:
SF:src/database/exchangeAPI.js
FN:21,waitForAPILimit
FN:22,(anonymous_1)
FN:26,fetchBitbankOHLCV
FN:27,(anonymous_3)
FN:30,(anonymous_4)
FN:33,(anonymous_5)
FN:37,(anonymous_6)
FN:42,(anonymous_7)
FN:58,(anonymous_8)
FN:71,fetchBitbankHistoricalOHLCVData
FN:130,fetchStandardHistoricalOHLCVData
FN:210,fetchOHLCVDataAPI
FNF:12
FNH:0
FNDA:0,waitForAPILimit
FNDA:0,(anonymous_1)
FNDA:0,fetchBitbankOHLCV
FNDA:0,(anonymous_3)
FNDA:0,(anonymous_4)
FNDA:0,(anonymous_5)
FNDA:0,(anonymous_6)
FNDA:0,(anonymous_7)
FNDA:0,(anonymous_8)
FNDA:0,fetchBitbankHistoricalOHLCVData
FNDA:0,fetchStandardHistoricalOHLCVData
FNDA:0,fetchOHLCVDataAPI
DA:1,1
DA:4,1
DA:7,1
DA:22,0
DA:27,0
DA:28,0
DA:30,0
DA:31,0
DA:33,0
DA:34,0
DA:37,0
DA:38,0
DA:39,0
DA:40,0
DA:42,0
DA:50,0
DA:52,0
DA:55,0
DA:59,0
DA:72,0
DA:73,0
DA:76,0
DA:77,0
DA:78,0
DA:79,0
DA:81,0
DA:82,0
DA:85,0
DA:88,0
DA:89,0
DA:90,0
DA:91,0
DA:93,0
DA:94,0
DA:97,0
DA:98,0
DA:99,0
DA:103,0
DA:104,0
DA:107,0
DA:109,0
DA:110,0
DA:114,0
DA:115,0
DA:119,0
DA:134,0
DA:135,0
DA:137,0
DA:138,0
DA:139,0
DA:140,0
DA:143,0
DA:144,0
DA:145,0
DA:149,0
DA:150,0
DA:153,0
DA:154,0
DA:156,0
DA:157,0
DA:158,0
DA:160,0
DA:162,0
DA:164,0
DA:165,0
DA:168,0
DA:171,0
DA:172,0
DA:173,0
DA:176,0
DA:179,0
DA:182,0
DA:185,0
DA:188,0
DA:189,0
DA:190,0
DA:194,0
DA:197,0
DA:198,0
DA:212,0
DA:214,0
DA:215,0
DA:217,0
DA:221,0
DA:225,1
LF:85
LH:4
BRDA:21,0,0,0
BRDA:40,1,0,0
BRDA:40,1,1,0
BRDA:89,2,0,0
BRDA:89,2,1,0
BRDA:97,3,0,0
BRDA:97,3,1,0
BRDA:143,4,0,0
BRDA:143,4,1,0
BRDA:171,5,0,0
BRDA:171,5,1,0
BRDA:210,6,0,0
BRDA:210,7,0,0
BRDA:212,8,0,0
BRDA:212,8,1,0
BRDA:212,9,0,0
BRDA:212,9,1,0
BRF:17
BRH:0
end_of_record
TN:
SF:src/database/manager.js
FN:45,initializeDB
FN:61,loadHistoricalOHLCVToBacktestRedis
FN:89,fetchBacktestOHLCVData
FN:103,(anonymous_3)
FN:119,fetchOHLCVData
FN:141,(anonymous_5)
FN:209,getOHLCVByParams
FN:213,getCurrentOrderPair
FN:217,setCurrentOrderPair
FN:221,getCurrentOrderPosition
FN:227,(anonymous_10)
FN:233,(anonymous_11)
FN:238,getRealizedPnL
FN:264,getTradeCurrentPosition
FN:277,getOrderStrategyKeyByOrderId
FN:289,updateFilledTrades
FN:358,addOrder
FN:382,addSignal
FN:424,getStrategyParameters
FN:436,saveStrategyParameters
FN:444,getAllStrategyParameters
FN:449,formattedAvailableAmount
FN:473,(anonymous_22)
FN:478,(anonymous_23)
FN:514,fetchTicker
FN:614,getAvailableFund
FN:649,backtestCreateLimitBuyOrder
FN:670,backtestCreateLimitSellOrder
FN:683,getMarketParametersByExchangeSymbol
FN:714,getStrategyConfig
FN:725,(anonymous_30)
FN:734,(anonymous_31)
FN:752,getMarketParameters
FN:818,getSymbolsByExchange
FN:827,(anonymous_34)
FN:829,(anonymous_35)
FN:852,checkBuyOrderAllowance
FN:915,getCurrentSellOrderPosition
FN:921,(anonymous_38)
FN:927,(anonymous_39)
FN:940,deleteTradeSummary
FNF:41
FNH:1
FNDA:0,initializeDB
FNDA:0,loadHistoricalOHLCVToBacktestRedis
FNDA:0,fetchBacktestOHLCVData
FNDA:0,(anonymous_3)
FNDA:0,fetchOHLCVData
FNDA:0,(anonymous_5)
FNDA:0,getOHLCVByParams
FNDA:0,getCurrentOrderPair
FNDA:0,setCurrentOrderPair
FNDA:0,getCurrentOrderPosition
FNDA:0,(anonymous_10)
FNDA:0,(anonymous_11)
FNDA:0,getRealizedPnL
FNDA:0,getTradeCurrentPosition
FNDA:0,getOrderStrategyKeyByOrderId
FNDA:0,updateFilledTrades
FNDA:0,addOrder
FNDA:0,addSignal
FNDA:0,getStrategyParameters
FNDA:0,saveStrategyParameters
FNDA:0,getAllStrategyParameters
FNDA:0,formattedAvailableAmount
FNDA:0,(anonymous_22)
FNDA:0,(anonymous_23)
FNDA:1,fetchTicker
FNDA:0,getAvailableFund
FNDA:0,backtestCreateLimitBuyOrder
FNDA:0,backtestCreateLimitSellOrder
FNDA:0,getMarketParametersByExchangeSymbol
FNDA:0,getStrategyConfig
FNDA:0,(anonymous_30)
FNDA:0,(anonymous_31)
FNDA:0,getMarketParameters
FNDA:0,getSymbolsByExchange
FNDA:0,(anonymous_34)
FNDA:0,(anonymous_35)
FNDA:0,checkBuyOrderAllowance
FNDA:0,getCurrentSellOrderPosition
FNDA:0,(anonymous_38)
FNDA:0,(anonymous_39)
FNDA:0,deleteTradeSummary
DA:15,1
DA:36,1
DA:38,1
DA:40,1
DA:47,0
DA:48,0
DA:62,0
DA:63,0
DA:64,0
DA:65,0
DA:66,0
DA:69,0
DA:70,0
DA:71,0
DA:73,0
DA:74,0
DA:90,0
DA:93,0
DA:94,0
DA:95,0
DA:96,0
DA:99,0
DA:103,0
DA:104,0
DA:114,0
DA:115,0
DA:120,0
DA:122,0
DA:123,0
DA:125,0
DA:132,0
DA:133,0
DA:134,0
DA:136,0
DA:141,0
DA:142,0
DA:143,0
DA:145,0
DA:149,0
DA:150,0
DA:151,0
DA:152,0
DA:157,0
DA:160,0
DA:161,0
DA:164,0
DA:166,0
DA:168,0
DA:169,0
DA:170,0
DA:181,0
DA:183,0
DA:186,0
DA:189,0
DA:191,0
DA:194,0
DA:197,0
DA:198,0
DA:200,0
DA:204,0
DA:205,0
DA:210,0
DA:214,0
DA:218,0
DA:223,0
DA:226,0
DA:228,0
DA:230,0
DA:233,0
DA:235,0
DA:240,0
DA:241,0
DA:242,0
DA:244,0
DA:246,0
DA:252,0
DA:254,0
DA:261,0
DA:266,0
DA:268,0
DA:274,0
DA:278,0
DA:280,0
DA:291,0
DA:293,0
DA:294,0
DA:297,0
DA:300,0
DA:301,0
DA:302,0
DA:307,0
DA:310,0
DA:311,0
DA:313,0
DA:315,0
DA:316,0
DA:320,0
DA:335,0
DA:336,0
DA:337,0
DA:338,0
DA:339,0
DA:340,0
DA:342,0
DA:345,0
DA:348,0
DA:349,0
DA:351,0
DA:353,0
DA:354,0
DA:360,0
DA:361,0
DA:365,0
DA:367,0
DA:379,0
DA:384,0
DA:385,0
DA:386,0
DA:388,0
DA:389,0
DA:391,0
DA:395,0
DA:398,0
DA:400,0
DA:413,0
DA:425,0
DA:437,0
DA:445,0
DA:451,0
DA:453,0
DA:454,0
DA:455,0
DA:456,0
DA:459,0
DA:463,0
DA:465,0
DA:468,0
DA:472,0
DA:474,0
DA:475,0
DA:478,0
DA:486,0
DA:489,0
DA:492,0
DA:494,0
DA:496,0
DA:497,0
DA:500,0
DA:515,1
DA:517,1
DA:519,1
DA:520,0
DA:521,0
DA:522,0
DA:526,1
DA:530,1
DA:531,1
DA:532,1
DA:533,1
DA:537,1
DA:538,1
DA:541,1
DA:542,1
DA:543,1
DA:546,1
DA:549,1
DA:551,1
DA:554,1
DA:571,0
DA:572,0
DA:576,0
DA:579,0
DA:580,0
DA:581,0
DA:582,0
DA:586,0
DA:588,0
DA:590,0
DA:593,0
DA:597,0
DA:598,0
DA:616,0
DA:618,0
DA:619,0
DA:621,0
DA:622,0
DA:627,0
DA:632,0
DA:633,0
DA:634,0
DA:636,0
DA:637,0
DA:651,0
DA:654,0
DA:655,0
DA:656,0
DA:657,0
DA:658,0
DA:659,0
DA:672,0
DA:675,0
DA:676,0
DA:677,0
DA:678,0
DA:679,0
DA:680,0
DA:684,0
DA:685,0
DA:687,0
DA:688,0
DA:689,0
DA:690,0
DA:691,0
DA:692,0
DA:693,0
DA:696,0
DA:697,0
DA:699,0
DA:700,0
DA:706,0
DA:707,0
DA:711,0
DA:716,0
DA:718,0
DA:719,0
DA:723,0
DA:725,0
DA:726,0
DA:728,0
DA:733,0
DA:735,0
DA:738,0
DA:739,0
DA:743,0
DA:753,0
DA:754,0
DA:755,0
DA:756,0
DA:759,0
DA:761,0
DA:763,0
DA:764,0
DA:765,0
DA:766,0
DA:768,0
DA:769,0
DA:770,0
DA:772,0
DA:773,0
DA:774,0
DA:775,0
DA:777,0
DA:780,0
DA:781,0
DA:782,0
DA:783,0
DA:785,0
DA:789,0
DA:790,0
DA:791,0
DA:794,0
DA:796,0
DA:797,0
DA:798,0
DA:799,0
DA:800,0
DA:802,0
DA:805,0
DA:806,0
DA:807,0
DA:810,0
DA:811,0
DA:812,0
DA:815,0
DA:819,0
DA:820,0
DA:822,0
DA:823,0
DA:824,0
DA:827,0
DA:828,0
DA:829,0
DA:832,0
DA:833,0
DA:836,0
DA:854,0
DA:856,0
DA:857,0
DA:858,0
DA:859,0
DA:862,0
DA:868,0
DA:871,0
DA:874,0
DA:877,0
DA:878,0
DA:881,0
DA:884,0
DA:887,0
DA:888,0
DA:895,0
DA:898,0
DA:900,0
DA:903,0
DA:905,0
DA:906,0
DA:912,0
DA:917,0
DA:920,0
DA:922,0
DA:924,0
DA:927,0
DA:929,0
DA:941,0
DA:942,0
DA:943,0
DA:944,0
DA:945,0
DA:946,0
DA:948,0
DA:950,0
DA:951,0
DA:955,1
LF:323
LH:22
BRDA:61,0,0,0
BRDA:64,1,0,0
BRDA:64,1,1,0
BRDA:64,2,0,0
BRDA:64,2,1,0
BRDA:89,3,0,0
BRDA:94,4,0,0
BRDA:94,4,1,0
BRDA:94,5,0,0
BRDA:94,5,1,0
BRDA:119,6,0,0
BRDA:119,7,0,0
BRDA:122,8,0,0
BRDA:122,8,1,0
BRDA:136,9,0,0
BRDA:136,9,1,0
BRDA:136,10,0,0
BRDA:136,10,1,0
BRDA:136,10,2,0
BRDA:136,10,3,0
BRDA:142,11,0,0
BRDA:142,11,1,0
BRDA:150,12,0,0
BRDA:150,12,1,0
BRDA:150,13,0,0
BRDA:150,13,1,0
BRDA:161,14,0,0
BRDA:161,14,1,0
BRDA:164,15,0,0
BRDA:164,15,1,0
BRDA:164,16,0,0
BRDA:164,16,1,0
BRDA:164,16,2,0
BRDA:186,17,0,0
BRDA:186,17,1,0
BRDA:197,18,0,0
BRDA:197,18,1,0
BRDA:197,19,0,0
BRDA:197,19,1,0
BRDA:230,20,0,0
BRDA:230,20,1,0
BRDA:230,21,0,0
BRDA:230,21,1,0
BRDA:238,22,0,0
BRDA:240,23,0,0
BRDA:240,23,1,0
BRDA:241,24,0,0
BRDA:241,24,1,0
BRDA:244,25,0,0
BRDA:244,25,1,0
BRDA:246,26,0,0
BRDA:246,26,1,0
BRDA:246,27,0,0
BRDA:246,27,1,0
BRDA:261,28,0,0
BRDA:261,28,1,0
BRDA:261,29,0,0
BRDA:261,29,1,0
BRDA:274,30,0,0
BRDA:274,30,1,0
BRDA:274,31,0,0
BRDA:274,31,1,0
BRDA:280,32,0,0
BRDA:280,32,1,0
BRDA:280,33,0,0
BRDA:280,33,1,0
BRDA:297,34,0,0
BRDA:297,34,1,0
BRDA:300,35,0,0
BRDA:300,35,1,0
BRDA:300,36,0,0
BRDA:300,36,1,0
BRDA:315,37,0,0
BRDA:315,37,1,0
BRDA:327,38,0,0
BRDA:327,38,1,0
BRDA:329,39,0,0
BRDA:329,39,1,0
BRDA:330,40,0,0
BRDA:330,40,1,0
BRDA:348,41,0,0
BRDA:348,41,1,0
BRDA:358,42,0,0
BRDA:360,43,0,0
BRDA:360,43,1,0
BRDA:382,44,0,0
BRDA:384,45,0,0
BRDA:384,45,1,0
BRDA:385,46,0,0
BRDA:385,46,1,0
BRDA:388,47,0,0
BRDA:388,47,1,0
BRDA:449,48,0,0
BRDA:451,49,0,0
BRDA:451,49,1,0
BRDA:453,50,0,0
BRDA:453,50,1,0
BRDA:454,51,0,0
BRDA:454,51,1,0
BRDA:455,52,0,0
BRDA:455,52,1,0
BRDA:475,53,0,0
BRDA:475,53,1,0
BRDA:475,54,0,0
BRDA:475,54,1,0
BRDA:489,55,0,0
BRDA:489,55,1,0
BRDA:514,56,0,0
BRDA:517,57,0,1
BRDA:517,57,1,0
BRDA:519,58,0,0
BRDA:519,58,1,1
BRDA:519,59,0,1
BRDA:519,59,1,1
BRDA:576,60,0,0
BRDA:576,60,1,0
BRDA:576,61,0,0
BRDA:576,61,1,0
BRDA:580,62,0,0
BRDA:580,62,1,0
BRDA:614,63,0,0
BRDA:616,64,0,0
BRDA:616,64,1,0
BRDA:623,65,0,0
BRDA:623,65,1,0
BRDA:649,66,0,0
BRDA:657,67,0,0
BRDA:657,67,1,0
BRDA:670,68,0,0
BRDA:678,69,0,0
BRDA:678,69,1,0
BRDA:683,70,0,0
BRDA:691,71,0,0
BRDA:691,71,1,0
BRDA:692,72,0,0
BRDA:692,72,1,0
BRDA:699,73,0,0
BRDA:699,73,1,0
BRDA:718,74,0,0
BRDA:718,74,1,0
BRDA:718,75,0,0
BRDA:718,75,1,0
BRDA:726,76,0,0
BRDA:726,76,1,0
BRDA:735,77,0,0
BRDA:735,77,1,0
BRDA:754,78,0,0
BRDA:754,78,1,0
BRDA:759,79,0,0
BRDA:759,79,1,0
BRDA:761,80,0,0
BRDA:761,80,1,0
BRDA:763,81,0,0
BRDA:763,81,1,0
BRDA:768,82,0,0
BRDA:768,82,1,0
BRDA:769,83,0,0
BRDA:769,83,1,0
BRDA:774,84,0,0
BRDA:774,84,1,0
BRDA:782,85,0,0
BRDA:782,85,1,0
BRDA:789,86,0,0
BRDA:789,86,1,0
BRDA:789,87,0,0
BRDA:789,87,1,0
BRDA:790,88,0,0
BRDA:790,88,1,0
BRDA:794,89,0,0
BRDA:794,89,1,0
BRDA:796,90,0,0
BRDA:796,90,1,0
BRDA:799,91,0,0
BRDA:799,91,1,0
BRDA:805,92,0,0
BRDA:805,92,1,0
BRDA:806,93,0,0
BRDA:806,93,1,0
BRDA:810,94,0,0
BRDA:810,94,1,0
BRDA:810,95,0,0
BRDA:810,95,1,0
BRDA:811,96,0,0
BRDA:811,96,1,0
BRDA:828,97,0,0
BRDA:828,97,1,0
BRDA:852,98,0,0
BRDA:854,99,0,0
BRDA:854,99,1,0
BRDA:856,100,0,0
BRDA:856,100,1,0
BRDA:858,101,0,0
BRDA:858,101,1,0
BRDA:887,102,0,0
BRDA:887,102,1,0
BRDA:887,103,0,0
BRDA:887,103,1,0
BRDA:905,104,0,0
BRDA:905,104,1,0
BRDA:924,105,0,0
BRDA:924,105,1,0
BRDA:924,106,0,0
BRDA:924,106,1,0
BRDA:944,107,0,0
BRDA:944,107,1,0
BRF:205
BRH:4
end_of_record
TN:
SF:src/database/mongoDatabase.js
FN:22,connectDB
FN:54,ensureCollectionsExist
FN:58,(anonymous_2)
FN:80,closeDB
FN:93,createIndexes
FN:137,createCollectionIndexesIfNotExist
FN:145,(anonymous_6)
FN:167,addOrderMongoDB
FN:183,addOrdersBulk
FN:202,addTradeMongoDB
FN:218,addSignalMongoDB
FN:236,listOrders
FN:253,listTrades
FN:273,listSignals
FN:296,countSignals
FN:312,getOrderByOrderId
FN:328,getTradeByTradeId
FN:343,addOhlcvMongoDB
FN:377,fetchHistoricalOHLCVData
FN:418,getSignalById
FN:434,connectWithRetry
FN:447,(anonymous_21)
FN:453,setupGracefulShutdown
FN:454,(anonymous_23)
FN:470,saveTickerMongoDB
FN:496,(anonymous_25)
FNF:26
FNH:0
FNDA:0,connectDB
FNDA:0,ensureCollectionsExist
FNDA:0,(anonymous_2)
FNDA:0,closeDB
FNDA:0,createIndexes
FNDA:0,createCollectionIndexesIfNotExist
FNDA:0,(anonymous_6)
FNDA:0,addOrderMongoDB
FNDA:0,addOrdersBulk
FNDA:0,addTradeMongoDB
FNDA:0,addSignalMongoDB
FNDA:0,listOrders
FNDA:0,listTrades
FNDA:0,listSignals
FNDA:0,countSignals
FNDA:0,getOrderByOrderId
FNDA:0,getTradeByTradeId
FNDA:0,addOhlcvMongoDB
FNDA:0,fetchHistoricalOHLCVData
FNDA:0,getSignalById
FNDA:0,connectWithRetry
FNDA:0,(anonymous_21)
FNDA:0,setupGracefulShutdown
FNDA:0,(anonymous_23)
FNDA:0,saveTickerMongoDB
FNDA:0,(anonymous_25)
DA:1,1
DA:2,1
DA:3,1
DA:5,1
DA:6,1
DA:9,1
DA:23,0
DA:24,0
DA:25,0
DA:26,0
DA:27,0
DA:28,0
DA:29,0
DA:32,0
DA:35,0
DA:36,0
DA:37,0
DA:38,0
DA:39,0
DA:42,0
DA:45,0
DA:46,0
DA:55,0
DA:57,0
DA:58,0
DA:61,0
DA:64,0
DA:65,0
DA:66,0
DA:67,0
DA:68,0
DA:72,0
DA:73,0
DA:81,0
DA:82,0
DA:83,0
DA:84,0
DA:85,0
DA:94,0
DA:96,0
DA:102,0
DA:109,0
DA:114,0
DA:120,0
DA:126,0
DA:128,0
DA:138,0
DA:141,0
DA:142,0
DA:145,0
DA:147,0
DA:151,0
DA:152,0
DA:154,0
DA:155,0
DA:156,0
DA:158,0
DA:168,0
DA:169,0
DA:170,0
DA:172,0
DA:174,0
DA:175,0
DA:184,0
DA:185,0
DA:188,0
DA:189,0
DA:190,0
DA:191,0
DA:193,0
DA:194,0
DA:203,0
DA:204,0
DA:205,0
DA:206,0
DA:207,0
DA:209,0
DA:210,0
DA:219,0
DA:220,0
DA:221,0
DA:223,0
DA:225,0
DA:226,0
DA:237,0
DA:238,0
DA:239,0
DA:240,0
DA:242,0
DA:243,0
DA:254,0
DA:255,0
DA:256,0
DA:257,0
DA:258,0
DA:260,0
DA:261,0
DA:274,0
DA:275,0
DA:276,0
DA:277,0
DA:278,0
DA:280,0
DA:281,0
DA:283,0
DA:284,0
DA:286,0
DA:287,0
DA:297,0
DA:298,0
DA:299,0
DA:300,0
DA:302,0
DA:303,0
DA:313,0
DA:314,0
DA:315,0
DA:316,0
DA:318,0
DA:319,0
DA:329,0
DA:330,0
DA:331,0
DA:332,0
DA:334,0
DA:335,0
DA:344,0
DA:345,0
DA:347,0
DA:353,0
DA:355,0
DA:358,0
DA:360,0
DA:363,0
DA:364,0
DA:378,0
DA:379,0
DA:380,0
DA:386,0
DA:387,0
DA:392,0
DA:403,0
DA:404,0
DA:406,0
DA:408,0
DA:409,0
DA:419,0
DA:420,0
DA:421,0
DA:422,0
DA:424,0
DA:425,0
DA:435,0
DA:436,0
DA:437,0
DA:438,0
DA:439,0
DA:441,0
DA:442,0
DA:443,0
DA:444,0
DA:447,0
DA:454,0
DA:455,0
DA:456,0
DA:457,0
DA:461,0
DA:462,0
DA:471,0
DA:472,0
DA:473,0
DA:476,0
DA:479,0
DA:485,0
DA:486,0
DA:489,0
DA:495,0
DA:496,0
DA:497,0
DA:504,0
DA:507,0
DA:512,1
LF:182
LH:7
BRDA:23,0,0,0
BRDA:23,0,1,0
BRDA:23,1,0,0
BRDA:23,1,1,0
BRDA:23,1,2,0
BRDA:65,2,0,0
BRDA:65,2,1,0
BRDA:81,3,0,0
BRDA:81,3,1,0
BRDA:81,4,0,0
BRDA:81,4,1,0
BRDA:154,5,0,0
BRDA:154,5,1,0
BRDA:184,6,0,0
BRDA:184,6,1,0
BRDA:184,7,0,0
BRDA:184,7,1,0
BRDA:236,8,0,0
BRDA:236,9,0,0
BRDA:253,10,0,0
BRDA:253,11,0,0
BRDA:273,12,0,0
BRDA:273,13,0,0
BRDA:273,14,0,0
BRDA:273,15,0,0
BRDA:277,16,0,0
BRDA:277,16,1,0
BRDA:280,17,0,0
BRDA:280,17,1,0
BRDA:296,18,0,0
BRDA:353,19,0,0
BRDA:353,19,1,0
BRDA:386,20,0,0
BRDA:386,20,1,0
BRDA:403,21,0,0
BRDA:403,21,1,0
BRDA:403,22,0,0
BRDA:403,22,1,0
BRDA:434,23,0,0
BRDA:434,24,0,0
BRDA:443,25,0,0
BRDA:443,25,1,0
BRDA:485,26,0,0
BRDA:485,26,1,0
BRDA:495,27,0,0
BRDA:495,27,1,0
BRF:46
BRH:0
end_of_record
TN:
SF:src/database/redisClient.js
FN:16,(anonymous_0)
FN:20,(anonymous_1)
FN:24,(anonymous_2)
FN:29,reconnect
FN:44,initRedisClient
FN:55,closeRedisClient
FNF:6
FNH:0
FNDA:0,(anonymous_0)
FNDA:0,(anonymous_1)
FNDA:0,(anonymous_2)
FNDA:0,reconnect
FNDA:0,initRedisClient
FNDA:0,closeRedisClient
DA:5,1
DA:8,1
DA:11,1
DA:16,1
DA:17,0
DA:20,1
DA:21,0
DA:24,1
DA:25,0
DA:30,0
DA:31,0
DA:32,0
DA:33,0
DA:36,0
DA:45,0
DA:46,0
DA:48,0
DA:56,0
DA:57,0
DA:62,1
LF:20
LH:7
BRDA:8,0,0,1
BRDA:8,0,1,1
BRDA:31,1,0,0
BRDA:31,1,1,0
BRDA:45,2,0,0
BRDA:45,2,1,0
BRDA:56,3,0,0
BRDA:56,3,1,0
BRF:8
BRH:2
end_of_record
TN:
SF:src/database/redisDatabase.js
FN:8,initialize
FN:13,setCurrentOrderPairRedis
FN:19,getCurrentOrderPairRedis
FN:30,updateTradeSummaryTimestamp
FN:37,getTradeSummaryTimestamp
FN:49,updateTradeSummary
FN:99,getAllTradeSummaries
FN:126,getTradeSummaries
FN:159,getTradeSummary
FN:194,saveStrategyParametersRedis
FN:215,parseParamValue
FN:244,getStrategyParametersRedis
FN:270,getAllStrategyParametersRedis
FN:298,getTradeKeys
FN:336,getOHLCVRedisTimestamp
FN:345,updateOHLCVRedisTimestamp
FN:355,getOHLCVRedis
FN:366,updateOHLCVRedis
FN:378,getTickerRedis
FN:389,updateTickerRedis
FN:402,updateBacktestOHLCVRedisSortedSet
FN:431,getBacktestOHLCVRedisByTimeRange
FN:438,(anonymous_22)
FN:444,getAllBacktestOHLCVRedisSortedSet
FN:451,(anonymous_24)
FN:463,getBacktestOHLCVRedisBeforeTimestamp
FN:482,(anonymous_26)
FN:490,deleteKey
FN:507,deleteStrategyParametersRedis
FNF:29
FNH:0
FNDA:0,initialize
FNDA:0,setCurrentOrderPairRedis
FNDA:0,getCurrentOrderPairRedis
FNDA:0,updateTradeSummaryTimestamp
FNDA:0,getTradeSummaryTimestamp
FNDA:0,updateTradeSummary
FNDA:0,getAllTradeSummaries
FNDA:0,getTradeSummaries
FNDA:0,getTradeSummary
FNDA:0,saveStrategyParametersRedis
FNDA:0,parseParamValue
FNDA:0,getStrategyParametersRedis
FNDA:0,getAllStrategyParametersRedis
FNDA:0,getTradeKeys
FNDA:0,getOHLCVRedisTimestamp
FNDA:0,updateOHLCVRedisTimestamp
FNDA:0,getOHLCVRedis
FNDA:0,updateOHLCVRedis
FNDA:0,getTickerRedis
FNDA:0,updateTickerRedis
FNDA:0,updateBacktestOHLCVRedisSortedSet
FNDA:0,getBacktestOHLCVRedisByTimeRange
FNDA:0,(anonymous_22)
FNDA:0,getAllBacktestOHLCVRedisSortedSet
FNDA:0,(anonymous_24)
FNDA:0,getBacktestOHLCVRedisBeforeTimestamp
FNDA:0,(anonymous_26)
FNDA:0,deleteKey
FNDA:0,deleteStrategyParametersRedis
DA:5,1
DA:9,0
DA:10,0
DA:14,0
DA:16,0
DA:20,0
DA:21,0
DA:23,0
DA:24,0
DA:27,0
DA:31,0
DA:32,0
DA:34,0
DA:38,0
DA:39,0
DA:41,0
DA:42,0
DA:45,0
DA:50,0
DA:51,0
DA:53,0
DA:55,0
DA:57,0
DA:71,0
DA:73,0
DA:74,0
DA:75,0
DA:76,0
DA:77,0
DA:79,0
DA:80,0
DA:81,0
DA:82,0
DA:86,0
DA:87,0
DA:89,0
DA:90,0
DA:91,0
DA:92,0
DA:93,0
DA:100,0
DA:101,0
DA:103,0
DA:104,0
DA:105,0
DA:106,0
DA:123,0
DA:127,0
DA:128,0
DA:130,0
DA:131,0
DA:132,0
DA:133,0
DA:150,0
DA:160,0
DA:163,0
DA:164,0
DA:165,0
DA:167,0
DA:168,0
DA:180,0
DA:183,0
DA:195,0
DA:196,0
DA:199,0
DA:200,0
DA:201,0
DA:204,0
DA:206,0
DA:208,0
DA:209,0
DA:217,0
DA:218,0
DA:222,0
DA:223,0
DA:226,0
DA:227,0
DA:231,0
DA:233,0
DA:234,0
DA:241,0
DA:245,0
DA:246,0
DA:247,0
DA:249,0
DA:250,0
DA:251,0
DA:252,0
DA:254,0
DA:256,0
DA:257,0
DA:260,0
DA:261,0
DA:271,0
DA:272,0
DA:273,0
DA:275,0
DA:276,0
DA:277,0
DA:278,0
DA:279,0
DA:280,0
DA:282,0
DA:286,0
DA:287,0
DA:289,0
DA:290,0
DA:299,0
DA:300,0
DA:301,0
DA:304,0
DA:306,0
DA:307,0
DA:308,0
DA:309,0
DA:310,0
DA:311,0
DA:313,0
DA:314,0
DA:317,0
DA:318,0
DA:321,0
DA:322,0
DA:327,0
DA:329,0
DA:331,0
DA:332,0
DA:337,0
DA:338,0
DA:339,0
DA:340,0
DA:342,0
DA:346,0
DA:347,0
DA:349,0
DA:352,0
DA:356,0
DA:357,0
DA:359,0
DA:360,0
DA:363,0
DA:367,0
DA:370,0
DA:373,0
DA:379,0
DA:380,0
DA:382,0
DA:383,0
DA:386,0
DA:390,0
DA:393,0
DA:403,0
DA:406,0
DA:409,0
DA:411,0
DA:413,0
DA:415,0
DA:417,0
DA:421,0
DA:422,0
DA:425,0
DA:432,0
DA:435,0
DA:438,0
DA:445,0
DA:448,0
DA:451,0
DA:464,0
DA:467,0
DA:482,0
DA:491,0
DA:492,0
DA:493,0
DA:495,0
DA:496,0
DA:508,0
DA:509,0
DA:510,0
DA:511,0
DA:512,0
DA:514,0
DA:515,0
DA:520,1
LF:183
LH:2
BRDA:23,0,0,0
BRDA:23,0,1,0
BRDA:41,1,0,0
BRDA:41,1,1,0
BRDA:55,2,0,0
BRDA:55,2,1,0
BRDA:71,3,0,0
BRDA:71,3,1,0
BRDA:77,4,0,0
BRDA:77,4,1,0
BRDA:86,5,0,0
BRDA:86,5,1,0
BRDA:87,6,0,0
BRDA:87,6,1,0
BRDA:89,7,0,0
BRDA:89,7,1,0
BRDA:105,8,0,0
BRDA:105,8,1,0
BRDA:110,9,0,0
BRDA:110,9,1,0
BRDA:111,10,0,0
BRDA:111,10,1,0
BRDA:112,11,0,0
BRDA:112,11,1,0
BRDA:113,12,0,0
BRDA:113,12,1,0
BRDA:114,13,0,0
BRDA:114,13,1,0
BRDA:115,14,0,0
BRDA:115,14,1,0
BRDA:116,15,0,0
BRDA:116,15,1,0
BRDA:117,16,0,0
BRDA:117,16,1,0
BRDA:118,17,0,0
BRDA:118,17,1,0
BRDA:132,18,0,0
BRDA:132,18,1,0
BRDA:137,19,0,0
BRDA:137,19,1,0
BRDA:138,20,0,0
BRDA:138,20,1,0
BRDA:139,21,0,0
BRDA:139,21,1,0
BRDA:140,22,0,0
BRDA:140,22,1,0
BRDA:141,23,0,0
BRDA:141,23,1,0
BRDA:142,24,0,0
BRDA:142,24,1,0
BRDA:143,25,0,0
BRDA:143,25,1,0
BRDA:144,26,0,0
BRDA:144,26,1,0
BRDA:145,27,0,0
BRDA:145,27,1,0
BRDA:159,28,0,0
BRDA:163,29,0,0
BRDA:163,29,1,0
BRDA:163,30,0,0
BRDA:163,30,1,0
BRDA:163,30,2,0
BRDA:167,31,0,0
BRDA:167,31,1,0
BRDA:169,32,0,0
BRDA:169,32,1,0
BRDA:170,33,0,0
BRDA:170,33,1,0
BRDA:171,34,0,0
BRDA:171,34,1,0
BRDA:172,35,0,0
BRDA:172,35,1,0
BRDA:173,36,0,0
BRDA:173,36,1,0
BRDA:174,37,0,0
BRDA:174,37,1,0
BRDA:175,38,0,0
BRDA:175,38,1,0
BRDA:176,39,0,0
BRDA:176,39,1,0
BRDA:177,40,0,0
BRDA:177,40,1,0
BRDA:217,41,0,0
BRDA:217,41,1,0
BRDA:217,42,0,0
BRDA:217,42,1,0
BRDA:217,42,2,0
BRDA:222,43,0,0
BRDA:222,43,1,0
BRDA:223,44,0,0
BRDA:223,44,1,0
BRDA:226,45,0,0
BRDA:226,45,1,0
BRDA:231,46,0,0
BRDA:231,46,1,0
BRDA:231,47,0,0
BRDA:231,47,1,0
BRDA:231,47,2,0
BRDA:231,47,3,0
BRDA:249,48,0,0
BRDA:249,48,1,0
BRDA:277,49,0,0
BRDA:277,49,1,0
BRDA:308,50,0,0
BRDA:308,50,1,0
BRDA:313,51,0,0
BRDA:313,51,1,0
BRDA:317,52,0,0
BRDA:317,52,1,0
BRDA:321,53,0,0
BRDA:321,53,1,0
BRDA:339,54,0,0
BRDA:339,54,1,0
BRDA:359,55,0,0
BRDA:359,55,1,0
BRDA:382,56,0,0
BRDA:382,56,1,0
BRDA:421,57,0,0
BRDA:421,57,1,0
BRDA:463,58,0,0
BRF:120
BRH:0
end_of_record
TN:
SF:src/strategies/mutualInformation.js
FN:24,mutualInformationStrategy
FN:142,calculateMutualInformationSignals
FN:157,(anonymous_2)
FN:164,(anonymous_3)
FN:173,(anonymous_4)
FN:181,(anonymous_5)
FN:188,(anonymous_6)
FN:194,(anonymous_7)
FN:257,formatMutualInformationLogInfo
FNF:9
FNH:8
FNDA:0,mutualInformationStrategy
FNDA:2,calculateMutualInformationSignals
FNDA:2,(anonymous_2)
FNDA:2,(anonymous_3)
FNDA:1,(anonymous_4)
FNDA:1,(anonymous_5)
FNDA:1,(anonymous_6)
FNDA:1,(anonymous_7)
FNDA:1,formatMutualInformationLogInfo
DA:10,1
DA:15,1
DA:17,1
DA:18,1
DA:31,0
DA:33,0
DA:35,0
DA:44,0
DA:46,0
DA:48,0
DA:49,0
DA:53,0
DA:54,0
DA:55,0
DA:57,0
DA:58,0
DA:68,0
DA:69,0
DA:75,0
DA:79,0
DA:80,0
DA:81,0
DA:90,0
DA:102,0
DA:105,0
DA:118,0
DA:119,0
DA:120,0
DA:122,0
DA:154,2
DA:157,2
DA:163,2
DA:164,2
DA:166,2
DA:167,1
DA:168,1
DA:172,1
DA:173,1
DA:179,1
DA:180,1
DA:181,1
DA:188,1
DA:194,1
DA:197,1
DA:198,1
DA:201,1
DA:202,1
DA:205,1
DA:206,1
DA:207,1
DA:210,1
DA:212,1
DA:213,1
DA:214,1
DA:215,0
DA:216,0
DA:217,0
DA:221,0
DA:223,0
DA:224,0
DA:225,0
DA:226,0
DA:227,0
DA:228,0
DA:233,1
DA:241,1
DA:258,1
DA:259,1
DA:261,1
DA:277,1
LF:70
LH:35
BRDA:24,0,0,0
BRDA:26,1,0,0
BRDA:27,2,0,0
BRDA:28,3,0,0
BRDA:29,4,0,0
BRDA:30,5,0,0
BRDA:44,6,0,0
BRDA:44,6,1,0
BRDA:48,7,0,0
BRDA:48,7,1,0
BRDA:55,8,0,0
BRDA:55,8,1,0
BRDA:68,9,0,0
BRDA:68,9,1,0
BRDA:79,10,0,0
BRDA:79,10,1,0
BRDA:102,11,0,0
BRDA:102,11,1,0
BRDA:119,12,0,0
BRDA:119,12,1,0
BRDA:151,13,0,0
BRDA:166,14,0,1
BRDA:166,14,1,1
BRDA:179,15,0,1
BRDA:179,15,1,0
BRDA:210,16,0,1
BRDA:210,16,1,0
BRDA:212,17,0,1
BRDA:212,17,1,0
BRDA:215,18,0,0
BRDA:215,18,1,0
BRDA:221,19,0,0
BRDA:221,19,1,0
BRDA:223,20,0,0
BRDA:223,20,1,0
BRDA:226,21,0,0
BRDA:226,21,1,0
BRDA:238,22,0,1
BRDA:238,22,1,0
BRF:39
BRH:6
end_of_record
TN:
SF:src/strategies/utils/common.js
FN:22,fetchAndValidateOHLCVData
FN:36,(anonymous_1)
FN:39,(anonymous_2)
FN:63,handleStrategySignals
FN:154,executeBuyOrder
FN:245,executeSellOrder
FN:326,disableStrategy
FN:335,clearPositionMarket
FN:351,(anonymous_8)
FNF:9
FNH:0
FNDA:0,fetchAndValidateOHLCVData
FNDA:0,(anonymous_1)
FNDA:0,(anonymous_2)
FNDA:0,handleStrategySignals
FNDA:0,executeBuyOrder
FNDA:0,executeSellOrder
FNDA:0,disableStrategy
FNDA:0,clearPositionMarket
FNDA:0,(anonymous_8)
DA:9,1
DA:10,1
DA:24,0
DA:25,0
DA:26,0
DA:27,0
DA:28,0
DA:30,0
DA:31,0
DA:36,0
DA:39,0
DA:40,0
DA:41,0
DA:42,0
DA:44,0
DA:47,0
DA:75,0
DA:76,0
DA:79,0
DA:81,0
DA:82,0
DA:84,0
DA:85,0
DA:89,0
DA:101,0
DA:103,0
DA:104,0
DA:106,0
DA:107,0
DA:111,0
DA:124,0
DA:125,0
DA:129,0
DA:130,0
DA:134,0
DA:155,0
DA:156,0
DA:157,0
DA:161,0
DA:162,0
DA:163,0
DA:166,0
DA:169,0
DA:171,0
DA:173,0
DA:175,0
DA:178,0
DA:191,0
DA:193,0
DA:195,0
DA:197,0
DA:202,0
DA:203,0
DA:205,0
DA:209,0
DA:210,0
DA:214,0
DA:216,0
DA:217,0
DA:219,0
DA:222,0
DA:225,0
DA:226,0
DA:229,0
DA:246,0
DA:247,0
DA:251,0
DA:252,0
DA:253,0
DA:256,0
DA:258,0
DA:259,0
DA:260,0
DA:262,0
DA:263,0
DA:267,0
DA:287,0
DA:289,0
DA:291,0
DA:293,0
DA:298,0
DA:299,0
DA:301,0
DA:306,0
DA:308,0
DA:309,0
DA:312,0
DA:315,0
DA:317,0
DA:318,0
DA:319,0
DA:322,0
DA:328,0
DA:330,0
DA:332,0
DA:337,0
DA:339,0
DA:340,0
DA:344,0
DA:345,0
DA:346,0
DA:350,0
DA:351,0
DA:352,0
DA:353,0
DA:354,0
DA:356,0
DA:357,0
DA:358,0
DA:363,0
DA:364,0
DA:365,0
DA:367,0
DA:371,0
DA:374,0
DA:375,0
DA:376,0
DA:379,0
DA:381,0
DA:382,0
DA:383,0
DA:385,0
DA:386,0
DA:387,0
DA:389,0
DA:392,0
DA:395,1
LF:127
LH:3
BRDA:25,0,0,0
BRDA:25,0,1,0
BRDA:26,1,0,0
BRDA:26,1,1,0
BRDA:30,2,0,0
BRDA:30,2,1,0
BRDA:39,3,0,0
BRDA:39,3,1,0
BRDA:39,4,0,0
BRDA:39,4,1,0
BRDA:39,4,2,0
BRDA:41,5,0,0
BRDA:41,5,1,0
BRDA:73,6,0,0
BRDA:79,7,0,0
BRDA:79,7,1,0
BRDA:81,8,0,0
BRDA:81,8,1,0
BRDA:84,9,0,0
BRDA:84,9,1,0
BRDA:84,10,0,0
BRDA:84,10,1,0
BRDA:101,11,0,0
BRDA:101,11,1,0
BRDA:103,12,0,0
BRDA:103,12,1,0
BRDA:106,13,0,0
BRDA:106,13,1,0
BRDA:106,14,0,0
BRDA:106,14,1,0
BRDA:124,15,0,0
BRDA:124,15,1,0
BRDA:129,16,0,0
BRDA:129,16,1,0
BRDA:138,17,0,0
BRDA:138,17,1,0
BRDA:138,18,0,0
BRDA:138,18,1,0
BRDA:154,19,0,0
BRDA:191,20,0,0
BRDA:191,20,1,0
BRDA:195,21,0,0
BRDA:195,21,1,0
BRDA:202,22,0,0
BRDA:202,22,1,0
BRDA:202,23,0,0
BRDA:202,23,1,0
BRDA:209,24,0,0
BRDA:209,24,1,0
BRDA:209,25,0,0
BRDA:209,25,1,0
BRDA:214,26,0,0
BRDA:214,26,1,0
BRDA:214,27,0,0
BRDA:214,27,1,0
BRDA:216,28,0,0
BRDA:216,28,1,0
BRDA:225,29,0,0
BRDA:225,29,1,0
BRDA:225,30,0,0
BRDA:225,30,1,0
BRDA:245,31,0,0
BRDA:258,32,0,0
BRDA:258,32,1,0
BRDA:259,33,0,0
BRDA:259,33,1,0
BRDA:262,34,0,0
BRDA:262,34,1,0
BRDA:262,35,0,0
BRDA:262,35,1,0
BRDA:287,36,0,0
BRDA:287,36,1,0
BRDA:287,37,0,0
BRDA:287,37,1,0
BRDA:287,37,2,0
BRDA:291,38,0,0
BRDA:291,38,1,0
BRDA:298,39,0,0
BRDA:298,39,1,0
BRDA:298,40,0,0
BRDA:298,40,1,0
BRDA:306,41,0,0
BRDA:306,41,1,0
BRDA:306,42,0,0
BRDA:306,42,1,0
BRDA:308,43,0,0
BRDA:308,43,1,0
BRDA:318,44,0,0
BRDA:318,44,1,0
BRDA:326,45,0,0
BRDA:335,46,0,0
BRDA:339,47,0,0
BRDA:339,47,1,0
BRDA:344,48,0,0
BRDA:344,48,1,0
BRDA:354,49,0,0
BRDA:354,49,1,0
BRDA:357,50,0,0
BRDA:357,50,1,0
BRDA:364,51,0,0
BRDA:364,51,1,0
BRDA:374,52,0,0
BRDA:374,52,1,0
BRDA:386,53,0,0
BRDA:386,53,1,0
BRF:105
BRH:0
end_of_record
TN:
SF:src/strategies/utils/indicators.js
FN:11,calculateSMA
FN:37,calculateEMA
FN:42,(anonymous_2)
FN:71,calculateMACD
FN:88,(anonymous_4)
FN:118,calculateRSI
FN:198,(anonymous_6)
FN:212,calculateBollingerBands
FN:250,calculateMutualInformation
FN:256,(anonymous_9)
FN:260,(anonymous_10)
FN:261,(anonymous_11)
FN:268,(anonymous_12)
FN:271,(anonymous_13)
FN:308,calculateMutualInformationMatrix
FN:314,(anonymous_15)
FN:334,calculateReturns
FNF:17
FNH:10
FNDA:1,calculateSMA
FNDA:0,calculateEMA
FNDA:0,(anonymous_2)
FNDA:0,calculateMACD
FNDA:0,(anonymous_4)
FNDA:0,calculateRSI
FNDA:0,(anonymous_6)
FNDA:0,calculateBollingerBands
FNDA:19,calculateMutualInformation
FNDA:34,(anonymous_9)
FNDA:10,(anonymous_10)
FNDA:190,(anonymous_11)
FNDA:200,(anonymous_12)
FNDA:170,(anonymous_13)
FNDA:4,calculateMutualInformationMatrix
FNDA:7,(anonymous_15)
FNDA:10,calculateReturns
DA:12,1
DA:14,1
DA:15,20
DA:16,4
DA:17,4
DA:20,16
DA:21,16
DA:22,80
DA:25,16
DA:28,1
DA:38,0
DA:39,0
DA:42,0
DA:44,0
DA:45,0
DA:46,0
DA:47,0
DA:50,0
DA:51,0
DA:52,0
DA:56,0
DA:57,0
DA:60,0
DA:72,0
DA:73,0
DA:74,0
DA:77,0
DA:78,0
DA:79,0
DA:80,0
DA:83,0
DA:87,0
DA:88,0
DA:93,0
DA:96,0
DA:97,0
DA:98,0
DA:99,0
DA:101,0
DA:105,0
DA:122,0
DA:124,0
DA:127,0
DA:128,0
DA:129,0
DA:130,0
DA:133,0
DA:134,0
DA:135,0
DA:136,0
DA:140,0
DA:141,0
DA:145,0
DA:146,0
DA:149,0
DA:150,0
DA:151,0
DA:153,0
DA:154,0
DA:158,0
DA:159,0
DA:161,0
DA:168,0
DA:171,0
DA:172,0
DA:175,0
DA:176,0
DA:178,0
DA:183,0
DA:184,0
DA:186,0
DA:187,0
DA:189,0
DA:198,0
DA:201,0
DA:213,0
DA:214,0
DA:215,0
DA:217,0
DA:218,0
DA:219,0
DA:220,0
DA:221,0
DA:225,0
DA:226,0
DA:227,0
DA:229,0
DA:232,0
DA:233,0
DA:236,0
DA:251,19
DA:252,2
DA:256,17
DA:257,34
DA:258,34
DA:259,34
DA:260,34
DA:261,190
DA:264,17
DA:265,17
DA:268,200
DA:271,170
DA:272,17
DA:273,17
DA:275,17
DA:276,100
DA:277,100
DA:278,100
DA:279,100
DA:280,100
DA:283,17
DA:284,17
DA:287,17
DA:288,170
DA:289,1700
DA:290,1700
DA:291,1700
DA:293,1700
DA:294,83
DA:299,17
DA:309,4
DA:310,1
DA:313,3
DA:314,7
DA:316,3
DA:317,7
DA:318,19
DA:319,7
DA:321,12
DA:326,3
DA:335,10
DA:336,2
DA:339,8
DA:340,8
DA:341,67
DA:342,67
DA:345,8
DA:348,1
LF:138
LH:58
BRDA:15,0,0,4
BRDA:15,0,1,16
BRDA:45,1,0,0
BRDA:45,1,1,0
BRDA:50,2,0,0
BRDA:50,2,1,0
BRDA:71,3,0,0
BRDA:71,4,0,0
BRDA:71,5,0,0
BRDA:78,6,0,0
BRDA:78,6,1,0
BRDA:98,7,0,0
BRDA:98,7,1,0
BRDA:98,8,0,0
BRDA:98,8,1,0
BRDA:122,9,0,0
BRDA:122,9,1,0
BRDA:122,10,0,0
BRDA:122,10,1,0
BRDA:135,11,0,0
BRDA:135,11,1,0
BRDA:136,12,0,0
BRDA:136,12,1,0
BRDA:158,13,0,0
BRDA:158,13,1,0
BRDA:176,14,0,0
BRDA:176,14,1,0
BRDA:176,15,0,0
BRDA:176,15,1,0
BRDA:186,16,0,0
BRDA:186,16,1,0
BRDA:198,17,0,0
BRDA:198,17,1,0
BRDA:212,18,0,0
BRDA:212,19,0,0
BRDA:218,20,0,0
BRDA:218,20,1,0
BRDA:250,21,0,7
BRDA:251,22,0,2
BRDA:251,22,1,17
BRDA:251,23,0,19
BRDA:251,23,1,19
BRDA:251,23,2,19
BRDA:251,23,3,18
BRDA:260,24,0,2
BRDA:260,24,1,32
BRDA:293,25,0,83
BRDA:293,25,1,1617
BRDA:293,26,0,1700
BRDA:293,26,1,83
BRDA:293,26,2,83
BRDA:308,27,0,4
BRDA:309,28,0,1
BRDA:309,28,1,3
BRDA:309,29,0,4
BRDA:309,29,1,4
BRDA:318,30,0,7
BRDA:318,30,1,12
BRDA:335,31,0,2
BRDA:335,31,1,8
BRDA:335,32,0,10
BRDA:335,32,1,10
BRF:62
BRH:27
end_of_record
