TN:
SF:src/common/utils.js
FN:10,weightedAverage
FN:11,(anonymous_1)
FN:12,(anonymous_2)
FN:21,fetchTotal
FN:69,timeframeToMs
FN:83,(anonymous_5)
FN:83,(anonymous_6)
FNF:7
FNH:7
FNDA:4,weightedAverage
FNDA:8,(anonymous_1)
FNDA:8,(anonymous_2)
FNDA:8,fetchTotal
FNDA:20,timeframeToMs
FNDA:2,(anonymous_5)
FNDA:2,(anonymous_6)
DA:1,2
DA:2,2
DA:11,8
DA:12,8
DA:22,8
DA:23,8
DA:24,8
DA:26,6
DA:27,6
DA:29,6
DA:33,12
DA:34,8
DA:35,4
DA:36,4
DA:38,4
DA:39,4
DA:42,4
DA:43,4
DA:46,12
DA:48,12
DA:49,6
DA:50,6
DA:51,6
DA:55,6
DA:57,2
DA:58,2
DA:59,2
DA:70,20
DA:71,20
DA:73,20
DA:74,6
DA:75,4
DA:76,4
DA:77,4
DA:78,2
DA:83,2
DA:85,2
LF:37
LH:37
BRDA:33,0,0,8
BRDA:33,0,1,4
BRDA:34,1,0,4
BRDA:34,1,1,4
BRDA:48,2,0,6
BRDA:48,2,1,6
BRDA:50,3,0,6
BRDA:50,3,1,0
BRDA:73,4,0,6
BRDA:73,4,1,4
BRDA:73,4,2,4
BRDA:73,4,3,4
BRDA:73,4,4,2
BRF:13
BRH:12
end_of_record
